2025-01-10 18:27:51,373 INFO 47001 [Timer] /Users/hongjiapeng/Desktop/HJP/learnNodeJs/egg-learning/node_modules/egg-multipart/app/schedule/clean_tmpdir.js next time will execute after 36128628ms at 2025-01-11 04:30:00.001
2025-01-10 18:27:51,373 INFO 47001 [Timer] /Users/hongjiapeng/Desktop/HJP/learnNodeJs/egg-learning/node_modules/egg-logrotator/app/schedule/clean_log.js next time will execute after 19928627ms at 2025-01-11 00:00:00.000
2025-01-10 18:27:51,374 INFO 47001 [Timer] /Users/hongjiapeng/Desktop/HJP/learnNodeJs/egg-learning/node_modules/egg-logrotator/app/schedule/rotate_by_file.js next time will execute after 19929627ms at 2025-01-11 00:00:01.001
2025-01-10 18:27:51,314 INFO 47002 [egg-schedule]: register schedule /Users/hongjiapeng/Desktop/HJP/learnNodeJs/egg-learning/node_modules/egg-multipart/app/schedule/clean_tmpdir.js
2025-01-10 18:27:51,314 INFO 47002 [egg-schedule]: register schedule /Users/hongjiapeng/Desktop/HJP/learnNodeJs/egg-learning/node_modules/egg-logrotator/app/schedule/clean_log.js
2025-01-10 18:27:51,314 INFO 47002 [egg-schedule]: register schedule /Users/hongjiapeng/Desktop/HJP/learnNodeJs/egg-learning/node_modules/egg-logrotator/app/schedule/rotate_by_file.js
2025-01-10 18:35:06,810 INFO 50027 [egg-schedule]: register schedule /Users/hongjiapeng/Desktop/HJP/learnNodeJs/egg-learning/node_modules/egg-multipart/app/schedule/clean_tmpdir.js
2025-01-10 18:35:06,811 INFO 50027 [egg-schedule]: register schedule /Users/hongjiapeng/Desktop/HJP/learnNodeJs/egg-learning/node_modules/egg-logrotator/app/schedule/clean_log.js
2025-01-10 18:35:06,811 INFO 50027 [egg-schedule]: register schedule /Users/hongjiapeng/Desktop/HJP/learnNodeJs/egg-learning/node_modules/egg-logrotator/app/schedule/rotate_by_file.js
2025-01-10 18:36:27,104 INFO 50629 [egg-schedule]: register schedule /Users/hongjiapeng/Desktop/HJP/learnNodeJs/egg-learning/node_modules/egg-multipart/app/schedule/clean_tmpdir.js
2025-01-10 18:36:27,104 INFO 50629 [egg-schedule]: register schedule /Users/hongjiapeng/Desktop/HJP/learnNodeJs/egg-learning/node_modules/egg-logrotator/app/schedule/clean_log.js
2025-01-10 18:36:27,104 INFO 50629 [egg-schedule]: register schedule /Users/hongjiapeng/Desktop/HJP/learnNodeJs/egg-learning/node_modules/egg-logrotator/app/schedule/rotate_by_file.js
2025-01-10 18:39:03,702 INFO 51252 [egg-schedule]: register schedule /Users/hongjiapeng/Desktop/HJP/learnNodeJs/egg-learning/node_modules/egg-multipart/app/schedule/clean_tmpdir.js
2025-01-10 18:39:03,702 INFO 51252 [egg-schedule]: register schedule /Users/hongjiapeng/Desktop/HJP/learnNodeJs/egg-learning/node_modules/egg-logrotator/app/schedule/clean_log.js
2025-01-10 18:39:03,702 INFO 51252 [egg-schedule]: register schedule /Users/hongjiapeng/Desktop/HJP/learnNodeJs/egg-learning/node_modules/egg-logrotator/app/schedule/rotate_by_file.js
2025-01-10 18:40:08,895 INFO 51832 [egg-schedule]: register schedule /Users/hongjiapeng/Desktop/HJP/learnNodeJs/egg-learning/node_modules/egg-multipart/app/schedule/clean_tmpdir.js
2025-01-10 18:40:08,895 INFO 51832 [egg-schedule]: register schedule /Users/hongjiapeng/Desktop/HJP/learnNodeJs/egg-learning/node_modules/egg-logrotator/app/schedule/clean_log.js
2025-01-10 18:40:08,895 INFO 51832 [egg-schedule]: register schedule /Users/hongjiapeng/Desktop/HJP/learnNodeJs/egg-learning/node_modules/egg-logrotator/app/schedule/rotate_by_file.js
2025-01-10 18:41:22,584 INFO 52541 [Timer] /Users/hongjiapeng/Desktop/HJP/learnNodeJs/egg-learning/node_modules/egg-multipart/app/schedule/clean_tmpdir.js next time will execute after 35317418ms at 2025-01-11 04:30:00.002
2025-01-10 18:41:22,584 INFO 52541 [Timer] /Users/hongjiapeng/Desktop/HJP/learnNodeJs/egg-learning/node_modules/egg-logrotator/app/schedule/clean_log.js next time will execute after 19117416ms at 2025-01-11 00:00:00.000
2025-01-10 18:41:22,584 INFO 52541 [Timer] /Users/hongjiapeng/Desktop/HJP/learnNodeJs/egg-learning/node_modules/egg-logrotator/app/schedule/rotate_by_file.js next time will execute after 19118416ms at 2025-01-11 00:00:01.000
2025-01-10 18:41:22,524 INFO 52544 [egg-schedule]: register schedule /Users/hongjiapeng/Desktop/HJP/learnNodeJs/egg-learning/node_modules/egg-multipart/app/schedule/clean_tmpdir.js
2025-01-10 18:41:22,524 INFO 52544 [egg-schedule]: register schedule /Users/hongjiapeng/Desktop/HJP/learnNodeJs/egg-learning/node_modules/egg-logrotator/app/schedule/clean_log.js
2025-01-10 18:41:22,524 INFO 52544 [egg-schedule]: register schedule /Users/hongjiapeng/Desktop/HJP/learnNodeJs/egg-learning/node_modules/egg-logrotator/app/schedule/rotate_by_file.js
2025-01-10 20:12:24,705 INFO 85112 [egg-schedule]: register schedule /Users/hongjiapeng/Desktop/HJP/learnNodeJs/egg-learning/node_modules/egg-multipart/app/schedule/clean_tmpdir.js
2025-01-10 20:12:24,705 INFO 85112 [egg-schedule]: register schedule /Users/hongjiapeng/Desktop/HJP/learnNodeJs/egg-learning/node_modules/egg-logrotator/app/schedule/clean_log.js
2025-01-10 20:12:24,705 INFO 85112 [egg-schedule]: register schedule /Users/hongjiapeng/Desktop/HJP/learnNodeJs/egg-learning/node_modules/egg-logrotator/app/schedule/rotate_by_file.js
2025-01-10 20:12:43,865 INFO 85139 [egg-schedule]: register schedule /Users/hongjiapeng/Desktop/HJP/learnNodeJs/egg-learning/node_modules/egg-multipart/app/schedule/clean_tmpdir.js
2025-01-10 20:12:43,865 INFO 85139 [egg-schedule]: register schedule /Users/hongjiapeng/Desktop/HJP/learnNodeJs/egg-learning/node_modules/egg-logrotator/app/schedule/clean_log.js
2025-01-10 20:12:43,865 INFO 85139 [egg-schedule]: register schedule /Users/hongjiapeng/Desktop/HJP/learnNodeJs/egg-learning/node_modules/egg-logrotator/app/schedule/rotate_by_file.js
2025-01-10 20:15:02,788 INFO 86236 [egg-schedule]: register schedule /Users/hongjiapeng/Desktop/HJP/learnNodeJs/egg-learning/node_modules/egg-multipart/app/schedule/clean_tmpdir.js
2025-01-10 20:15:02,788 INFO 86236 [egg-schedule]: register schedule /Users/hongjiapeng/Desktop/HJP/learnNodeJs/egg-learning/node_modules/egg-logrotator/app/schedule/clean_log.js
2025-01-10 20:15:02,788 INFO 86236 [egg-schedule]: register schedule /Users/hongjiapeng/Desktop/HJP/learnNodeJs/egg-learning/node_modules/egg-logrotator/app/schedule/rotate_by_file.js
2025-01-10 20:15:18,890 INFO 86261 [egg-schedule]: register schedule /Users/hongjiapeng/Desktop/HJP/learnNodeJs/egg-learning/node_modules/egg-multipart/app/schedule/clean_tmpdir.js
2025-01-10 20:15:18,890 INFO 86261 [egg-schedule]: register schedule /Users/hongjiapeng/Desktop/HJP/learnNodeJs/egg-learning/node_modules/egg-logrotator/app/schedule/clean_log.js
2025-01-10 20:15:18,890 INFO 86261 [egg-schedule]: register schedule /Users/hongjiapeng/Desktop/HJP/learnNodeJs/egg-learning/node_modules/egg-logrotator/app/schedule/rotate_by_file.js
2025-01-10 20:15:39,124 INFO 86447 [egg-schedule]: register schedule /Users/hongjiapeng/Desktop/HJP/learnNodeJs/egg-learning/node_modules/egg-multipart/app/schedule/clean_tmpdir.js
2025-01-10 20:15:39,124 INFO 86447 [egg-schedule]: register schedule /Users/hongjiapeng/Desktop/HJP/learnNodeJs/egg-learning/node_modules/egg-logrotator/app/schedule/clean_log.js
2025-01-10 20:15:39,124 INFO 86447 [egg-schedule]: register schedule /Users/hongjiapeng/Desktop/HJP/learnNodeJs/egg-learning/node_modules/egg-logrotator/app/schedule/rotate_by_file.js
2025-01-10 20:26:35,051 INFO 92079 [egg-schedule]: register schedule /Users/hongjiapeng/Desktop/HJP/learnNodeJs/egg-learning/node_modules/egg-multipart/app/schedule/clean_tmpdir.js
2025-01-10 20:26:35,051 INFO 92079 [egg-schedule]: register schedule /Users/hongjiapeng/Desktop/HJP/learnNodeJs/egg-learning/node_modules/egg-logrotator/app/schedule/clean_log.js
2025-01-10 20:26:35,051 INFO 92079 [egg-schedule]: register schedule /Users/hongjiapeng/Desktop/HJP/learnNodeJs/egg-learning/node_modules/egg-logrotator/app/schedule/rotate_by_file.js
2025-01-10 20:26:48,039 INFO 92095 [egg-schedule]: register schedule /Users/hongjiapeng/Desktop/HJP/learnNodeJs/egg-learning/node_modules/egg-multipart/app/schedule/clean_tmpdir.js
2025-01-10 20:26:48,039 INFO 92095 [egg-schedule]: register schedule /Users/hongjiapeng/Desktop/HJP/learnNodeJs/egg-learning/node_modules/egg-logrotator/app/schedule/clean_log.js
2025-01-10 20:26:48,039 INFO 92095 [egg-schedule]: register schedule /Users/hongjiapeng/Desktop/HJP/learnNodeJs/egg-learning/node_modules/egg-logrotator/app/schedule/rotate_by_file.js
2025-01-10 20:28:20,360 INFO 92618 [egg-schedule]: register schedule /Users/hongjiapeng/Desktop/HJP/learnNodeJs/egg-learning/node_modules/egg-multipart/app/schedule/clean_tmpdir.js
2025-01-10 20:28:20,360 INFO 92618 [egg-schedule]: register schedule /Users/hongjiapeng/Desktop/HJP/learnNodeJs/egg-learning/node_modules/egg-logrotator/app/schedule/clean_log.js
2025-01-10 20:28:20,360 INFO 92618 [egg-schedule]: register schedule /Users/hongjiapeng/Desktop/HJP/learnNodeJs/egg-learning/node_modules/egg-logrotator/app/schedule/rotate_by_file.js
2025-01-10 20:29:45,097 INFO 93453 [egg-schedule]: register schedule /Users/hongjiapeng/Desktop/HJP/learnNodeJs/egg-learning/node_modules/egg-multipart/app/schedule/clean_tmpdir.js
2025-01-10 20:29:45,097 INFO 93453 [egg-schedule]: register schedule /Users/hongjiapeng/Desktop/HJP/learnNodeJs/egg-learning/node_modules/egg-logrotator/app/schedule/clean_log.js
2025-01-10 20:29:45,097 INFO 93453 [egg-schedule]: register schedule /Users/hongjiapeng/Desktop/HJP/learnNodeJs/egg-learning/node_modules/egg-logrotator/app/schedule/rotate_by_file.js
2025-01-10 20:29:46,133 INFO 93491 [egg-schedule]: register schedule /Users/hongjiapeng/Desktop/HJP/learnNodeJs/egg-learning/node_modules/egg-multipart/app/schedule/clean_tmpdir.js
2025-01-10 20:29:46,133 INFO 93491 [egg-schedule]: register schedule /Users/hongjiapeng/Desktop/HJP/learnNodeJs/egg-learning/node_modules/egg-logrotator/app/schedule/clean_log.js
2025-01-10 20:29:46,133 INFO 93491 [egg-schedule]: register schedule /Users/hongjiapeng/Desktop/HJP/learnNodeJs/egg-learning/node_modules/egg-logrotator/app/schedule/rotate_by_file.js
2025-01-10 20:30:56,749 INFO 93776 [egg-schedule]: register schedule /Users/hongjiapeng/Desktop/HJP/learnNodeJs/egg-learning/node_modules/egg-multipart/app/schedule/clean_tmpdir.js
2025-01-10 20:30:56,749 INFO 93776 [egg-schedule]: register schedule /Users/hongjiapeng/Desktop/HJP/learnNodeJs/egg-learning/node_modules/egg-logrotator/app/schedule/clean_log.js
2025-01-10 20:30:56,749 INFO 93776 [egg-schedule]: register schedule /Users/hongjiapeng/Desktop/HJP/learnNodeJs/egg-learning/node_modules/egg-logrotator/app/schedule/rotate_by_file.js
2025-01-10 20:31:47,522 INFO 93802 [egg-schedule]: register schedule /Users/hongjiapeng/Desktop/HJP/learnNodeJs/egg-learning/node_modules/egg-multipart/app/schedule/clean_tmpdir.js
2025-01-10 20:31:47,522 INFO 93802 [egg-schedule]: register schedule /Users/hongjiapeng/Desktop/HJP/learnNodeJs/egg-learning/node_modules/egg-logrotator/app/schedule/clean_log.js
2025-01-10 20:31:47,522 INFO 93802 [egg-schedule]: register schedule /Users/hongjiapeng/Desktop/HJP/learnNodeJs/egg-learning/node_modules/egg-logrotator/app/schedule/rotate_by_file.js
2025-01-10 20:32:38,665 INFO 94394 [egg-schedule]: register schedule /Users/hongjiapeng/Desktop/HJP/learnNodeJs/egg-learning/node_modules/egg-multipart/app/schedule/clean_tmpdir.js
2025-01-10 20:32:38,665 INFO 94394 [egg-schedule]: register schedule /Users/hongjiapeng/Desktop/HJP/learnNodeJs/egg-learning/node_modules/egg-logrotator/app/schedule/clean_log.js
2025-01-10 20:32:38,665 INFO 94394 [egg-schedule]: register schedule /Users/hongjiapeng/Desktop/HJP/learnNodeJs/egg-learning/node_modules/egg-logrotator/app/schedule/rotate_by_file.js
2025-01-10 20:32:58,771 INFO 94819 [egg-schedule]: register schedule /Users/hongjiapeng/Desktop/HJP/learnNodeJs/egg-learning/node_modules/egg-multipart/app/schedule/clean_tmpdir.js
2025-01-10 20:32:58,771 INFO 94819 [egg-schedule]: register schedule /Users/hongjiapeng/Desktop/HJP/learnNodeJs/egg-learning/node_modules/egg-logrotator/app/schedule/clean_log.js
2025-01-10 20:32:58,771 INFO 94819 [egg-schedule]: register schedule /Users/hongjiapeng/Desktop/HJP/learnNodeJs/egg-learning/node_modules/egg-logrotator/app/schedule/rotate_by_file.js
2025-01-10 20:34:12,996 INFO 95371 [egg-schedule]: register schedule /Users/hongjiapeng/Desktop/HJP/learnNodeJs/egg-learning/node_modules/egg-multipart/app/schedule/clean_tmpdir.js
2025-01-10 20:34:12,996 INFO 95371 [egg-schedule]: register schedule /Users/hongjiapeng/Desktop/HJP/learnNodeJs/egg-learning/node_modules/egg-logrotator/app/schedule/clean_log.js
2025-01-10 20:34:12,996 INFO 95371 [egg-schedule]: register schedule /Users/hongjiapeng/Desktop/HJP/learnNodeJs/egg-learning/node_modules/egg-logrotator/app/schedule/rotate_by_file.js
2025-01-10 20:36:03,065 INFO 96341 [egg-schedule]: register schedule /Users/hongjiapeng/Desktop/HJP/learnNodeJs/egg-learning/node_modules/egg-multipart/app/schedule/clean_tmpdir.js
2025-01-10 20:36:03,065 INFO 96341 [egg-schedule]: register schedule /Users/hongjiapeng/Desktop/HJP/learnNodeJs/egg-learning/node_modules/egg-logrotator/app/schedule/clean_log.js
2025-01-10 20:36:03,065 INFO 96341 [egg-schedule]: register schedule /Users/hongjiapeng/Desktop/HJP/learnNodeJs/egg-learning/node_modules/egg-logrotator/app/schedule/rotate_by_file.js
2025-01-10 20:37:48,075 INFO 97826 [egg-schedule]: register schedule /Users/hongjiapeng/Desktop/HJP/learnNodeJs/egg-learning/node_modules/egg-multipart/app/schedule/clean_tmpdir.js
2025-01-10 20:37:48,075 INFO 97826 [egg-schedule]: register schedule /Users/hongjiapeng/Desktop/HJP/learnNodeJs/egg-learning/node_modules/egg-logrotator/app/schedule/clean_log.js
2025-01-10 20:37:48,075 INFO 97826 [egg-schedule]: register schedule /Users/hongjiapeng/Desktop/HJP/learnNodeJs/egg-learning/node_modules/egg-logrotator/app/schedule/rotate_by_file.js
2025-01-10 20:38:22,937 INFO 98146 [egg-schedule]: register schedule /Users/hongjiapeng/Desktop/HJP/learnNodeJs/egg-learning/node_modules/egg-multipart/app/schedule/clean_tmpdir.js
2025-01-10 20:38:22,937 INFO 98146 [egg-schedule]: register schedule /Users/hongjiapeng/Desktop/HJP/learnNodeJs/egg-learning/node_modules/egg-logrotator/app/schedule/clean_log.js
2025-01-10 20:38:22,937 INFO 98146 [egg-schedule]: register schedule /Users/hongjiapeng/Desktop/HJP/learnNodeJs/egg-learning/node_modules/egg-logrotator/app/schedule/rotate_by_file.js
2025-01-10 20:40:27,804 INFO 419 [egg-schedule]: register schedule /Users/hongjiapeng/Desktop/HJP/learnNodeJs/egg-learning/node_modules/egg-multipart/app/schedule/clean_tmpdir.js
2025-01-10 20:40:27,804 INFO 419 [egg-schedule]: register schedule /Users/hongjiapeng/Desktop/HJP/learnNodeJs/egg-learning/node_modules/egg-logrotator/app/schedule/clean_log.js
2025-01-10 20:40:27,804 INFO 419 [egg-schedule]: register schedule /Users/hongjiapeng/Desktop/HJP/learnNodeJs/egg-learning/node_modules/egg-logrotator/app/schedule/rotate_by_file.js
2025-01-10 20:41:47,031 INFO 1617 [egg-schedule]: register schedule /Users/hongjiapeng/Desktop/HJP/learnNodeJs/egg-learning/node_modules/egg-multipart/app/schedule/clean_tmpdir.js
2025-01-10 20:41:47,031 INFO 1617 [egg-schedule]: register schedule /Users/hongjiapeng/Desktop/HJP/learnNodeJs/egg-learning/node_modules/egg-logrotator/app/schedule/clean_log.js
2025-01-10 20:41:47,031 INFO 1617 [egg-schedule]: register schedule /Users/hongjiapeng/Desktop/HJP/learnNodeJs/egg-learning/node_modules/egg-logrotator/app/schedule/rotate_by_file.js
2025-01-10 20:42:30,190 INFO 2318 [Timer] /Users/hongjiapeng/Desktop/HJP/learnNodeJs/egg-learning/node_modules/egg-multipart/app/schedule/clean_tmpdir.js next time will execute after 28049811ms at 2025-01-11 04:30:00.001
2025-01-10 20:42:30,190 INFO 2318 [Timer] /Users/hongjiapeng/Desktop/HJP/learnNodeJs/egg-learning/node_modules/egg-logrotator/app/schedule/clean_log.js next time will execute after 11849810ms at 2025-01-11 00:00:00.000
2025-01-10 20:42:30,190 INFO 2318 [Timer] /Users/hongjiapeng/Desktop/HJP/learnNodeJs/egg-learning/node_modules/egg-logrotator/app/schedule/rotate_by_file.js next time will execute after 11850810ms at 2025-01-11 00:00:01.000
2025-01-10 20:42:30,119 INFO 2333 [egg-schedule]: register schedule /Users/hongjiapeng/Desktop/HJP/learnNodeJs/egg-learning/node_modules/egg-multipart/app/schedule/clean_tmpdir.js
2025-01-10 20:42:30,119 INFO 2333 [egg-schedule]: register schedule /Users/hongjiapeng/Desktop/HJP/learnNodeJs/egg-learning/node_modules/egg-logrotator/app/schedule/clean_log.js
2025-01-10 20:42:30,119 INFO 2333 [egg-schedule]: register schedule /Users/hongjiapeng/Desktop/HJP/learnNodeJs/egg-learning/node_modules/egg-logrotator/app/schedule/rotate_by_file.js
2025-01-10 20:43:51,640 INFO 3529 [Timer] /Users/hongjiapeng/Desktop/HJP/learnNodeJs/egg-learning/node_modules/egg-multipart/app/schedule/clean_tmpdir.js next time will execute after 27968361ms at 2025-01-11 04:30:00.001
2025-01-10 20:43:51,641 INFO 3529 [Timer] /Users/hongjiapeng/Desktop/HJP/learnNodeJs/egg-learning/node_modules/egg-logrotator/app/schedule/clean_log.js next time will execute after 11768359ms at 2025-01-11 00:00:00.000
2025-01-10 20:43:51,641 INFO 3529 [Timer] /Users/hongjiapeng/Desktop/HJP/learnNodeJs/egg-learning/node_modules/egg-logrotator/app/schedule/rotate_by_file.js next time will execute after 11769359ms at 2025-01-11 00:00:01.000
2025-01-10 20:43:51,571 INFO 3545 [egg-schedule]: register schedule /Users/hongjiapeng/Desktop/HJP/learnNodeJs/egg-learning/node_modules/egg-multipart/app/schedule/clean_tmpdir.js
2025-01-10 20:43:51,571 INFO 3545 [egg-schedule]: register schedule /Users/hongjiapeng/Desktop/HJP/learnNodeJs/egg-learning/node_modules/egg-logrotator/app/schedule/clean_log.js
2025-01-10 20:43:51,571 INFO 3545 [egg-schedule]: register schedule /Users/hongjiapeng/Desktop/HJP/learnNodeJs/egg-learning/node_modules/egg-logrotator/app/schedule/rotate_by_file.js
2025-01-10 20:44:11,680 INFO 4046 [egg-schedule]: register schedule /Users/hongjiapeng/Desktop/HJP/learnNodeJs/egg-learning/node_modules/egg-multipart/app/schedule/clean_tmpdir.js
2025-01-10 20:44:11,680 INFO 4046 [egg-schedule]: register schedule /Users/hongjiapeng/Desktop/HJP/learnNodeJs/egg-learning/node_modules/egg-logrotator/app/schedule/clean_log.js
2025-01-10 20:44:11,680 INFO 4046 [egg-schedule]: register schedule /Users/hongjiapeng/Desktop/HJP/learnNodeJs/egg-learning/node_modules/egg-logrotator/app/schedule/rotate_by_file.js
2025-01-10 20:44:56,681 INFO 4564 [egg-schedule]: register schedule /Users/hongjiapeng/Desktop/HJP/learnNodeJs/egg-learning/node_modules/egg-multipart/app/schedule/clean_tmpdir.js
2025-01-10 20:44:56,681 INFO 4564 [egg-schedule]: register schedule /Users/hongjiapeng/Desktop/HJP/learnNodeJs/egg-learning/node_modules/egg-logrotator/app/schedule/clean_log.js
2025-01-10 20:44:56,681 INFO 4564 [egg-schedule]: register schedule /Users/hongjiapeng/Desktop/HJP/learnNodeJs/egg-learning/node_modules/egg-logrotator/app/schedule/rotate_by_file.js
2025-01-10 20:45:15,325 INFO 4579 [egg-schedule]: register schedule /Users/hongjiapeng/Desktop/HJP/learnNodeJs/egg-learning/node_modules/egg-multipart/app/schedule/clean_tmpdir.js
2025-01-10 20:45:15,325 INFO 4579 [egg-schedule]: register schedule /Users/hongjiapeng/Desktop/HJP/learnNodeJs/egg-learning/node_modules/egg-logrotator/app/schedule/clean_log.js
2025-01-10 20:45:15,325 INFO 4579 [egg-schedule]: register schedule /Users/hongjiapeng/Desktop/HJP/learnNodeJs/egg-learning/node_modules/egg-logrotator/app/schedule/rotate_by_file.js
2025-01-10 20:46:09,685 INFO 5228 [egg-schedule]: register schedule /Users/hongjiapeng/Desktop/HJP/learnNodeJs/egg-learning/node_modules/egg-multipart/app/schedule/clean_tmpdir.js
2025-01-10 20:46:09,685 INFO 5228 [egg-schedule]: register schedule /Users/hongjiapeng/Desktop/HJP/learnNodeJs/egg-learning/node_modules/egg-logrotator/app/schedule/clean_log.js
2025-01-10 20:46:09,685 INFO 5228 [egg-schedule]: register schedule /Users/hongjiapeng/Desktop/HJP/learnNodeJs/egg-learning/node_modules/egg-logrotator/app/schedule/rotate_by_file.js
2025-01-10 20:46:14,344 INFO 5380 [egg-schedule]: register schedule /Users/hongjiapeng/Desktop/HJP/learnNodeJs/egg-learning/node_modules/egg-multipart/app/schedule/clean_tmpdir.js
2025-01-10 20:46:14,344 INFO 5380 [egg-schedule]: register schedule /Users/hongjiapeng/Desktop/HJP/learnNodeJs/egg-learning/node_modules/egg-logrotator/app/schedule/clean_log.js
2025-01-10 20:46:14,344 INFO 5380 [egg-schedule]: register schedule /Users/hongjiapeng/Desktop/HJP/learnNodeJs/egg-learning/node_modules/egg-logrotator/app/schedule/rotate_by_file.js
2025-01-10 20:46:57,992 INFO 5683 [egg-schedule]: register schedule /Users/hongjiapeng/Desktop/HJP/learnNodeJs/egg-learning/node_modules/egg-multipart/app/schedule/clean_tmpdir.js
2025-01-10 20:46:57,992 INFO 5683 [egg-schedule]: register schedule /Users/hongjiapeng/Desktop/HJP/learnNodeJs/egg-learning/node_modules/egg-logrotator/app/schedule/clean_log.js
2025-01-10 20:46:57,992 INFO 5683 [egg-schedule]: register schedule /Users/hongjiapeng/Desktop/HJP/learnNodeJs/egg-learning/node_modules/egg-logrotator/app/schedule/rotate_by_file.js
2025-01-10 20:47:06,553 INFO 6058 [egg-schedule]: register schedule /Users/hongjiapeng/Desktop/HJP/learnNodeJs/egg-learning/node_modules/egg-multipart/app/schedule/clean_tmpdir.js
2025-01-10 20:47:06,553 INFO 6058 [egg-schedule]: register schedule /Users/hongjiapeng/Desktop/HJP/learnNodeJs/egg-learning/node_modules/egg-logrotator/app/schedule/clean_log.js
2025-01-10 20:47:06,553 INFO 6058 [egg-schedule]: register schedule /Users/hongjiapeng/Desktop/HJP/learnNodeJs/egg-learning/node_modules/egg-logrotator/app/schedule/rotate_by_file.js
2025-01-10 20:47:10,123 INFO 6160 [egg-schedule]: register schedule /Users/hongjiapeng/Desktop/HJP/learnNodeJs/egg-learning/node_modules/egg-multipart/app/schedule/clean_tmpdir.js
2025-01-10 20:47:10,123 INFO 6160 [egg-schedule]: register schedule /Users/hongjiapeng/Desktop/HJP/learnNodeJs/egg-learning/node_modules/egg-logrotator/app/schedule/clean_log.js
2025-01-10 20:47:10,123 INFO 6160 [egg-schedule]: register schedule /Users/hongjiapeng/Desktop/HJP/learnNodeJs/egg-learning/node_modules/egg-logrotator/app/schedule/rotate_by_file.js
2025-01-10 20:47:13,888 INFO 6173 [egg-schedule]: register schedule /Users/hongjiapeng/Desktop/HJP/learnNodeJs/egg-learning/node_modules/egg-multipart/app/schedule/clean_tmpdir.js
2025-01-10 20:47:13,888 INFO 6173 [egg-schedule]: register schedule /Users/hongjiapeng/Desktop/HJP/learnNodeJs/egg-learning/node_modules/egg-logrotator/app/schedule/clean_log.js
2025-01-10 20:47:13,888 INFO 6173 [egg-schedule]: register schedule /Users/hongjiapeng/Desktop/HJP/learnNodeJs/egg-learning/node_modules/egg-logrotator/app/schedule/rotate_by_file.js
2025-01-10 20:47:45,848 INFO 6198 [egg-schedule]: register schedule /Users/hongjiapeng/Desktop/HJP/learnNodeJs/egg-learning/node_modules/egg-multipart/app/schedule/clean_tmpdir.js
2025-01-10 20:47:45,848 INFO 6198 [egg-schedule]: register schedule /Users/hongjiapeng/Desktop/HJP/learnNodeJs/egg-learning/node_modules/egg-logrotator/app/schedule/clean_log.js
2025-01-10 20:47:45,848 INFO 6198 [egg-schedule]: register schedule /Users/hongjiapeng/Desktop/HJP/learnNodeJs/egg-learning/node_modules/egg-logrotator/app/schedule/rotate_by_file.js
2025-01-10 20:47:48,229 INFO 6221 [egg-schedule]: register schedule /Users/hongjiapeng/Desktop/HJP/learnNodeJs/egg-learning/node_modules/egg-multipart/app/schedule/clean_tmpdir.js
2025-01-10 20:47:48,229 INFO 6221 [egg-schedule]: register schedule /Users/hongjiapeng/Desktop/HJP/learnNodeJs/egg-learning/node_modules/egg-logrotator/app/schedule/clean_log.js
2025-01-10 20:47:48,229 INFO 6221 [egg-schedule]: register schedule /Users/hongjiapeng/Desktop/HJP/learnNodeJs/egg-learning/node_modules/egg-logrotator/app/schedule/rotate_by_file.js
2025-01-10 20:47:50,482 INFO 6224 [egg-schedule]: register schedule /Users/hongjiapeng/Desktop/HJP/learnNodeJs/egg-learning/node_modules/egg-multipart/app/schedule/clean_tmpdir.js
2025-01-10 20:47:50,482 INFO 6224 [egg-schedule]: register schedule /Users/hongjiapeng/Desktop/HJP/learnNodeJs/egg-learning/node_modules/egg-logrotator/app/schedule/clean_log.js
2025-01-10 20:47:50,482 INFO 6224 [egg-schedule]: register schedule /Users/hongjiapeng/Desktop/HJP/learnNodeJs/egg-learning/node_modules/egg-logrotator/app/schedule/rotate_by_file.js
2025-01-10 20:48:12,327 INFO 6630 [egg-schedule]: register schedule /Users/hongjiapeng/Desktop/HJP/learnNodeJs/egg-learning/node_modules/egg-multipart/app/schedule/clean_tmpdir.js
2025-01-10 20:48:12,327 INFO 6630 [egg-schedule]: register schedule /Users/hongjiapeng/Desktop/HJP/learnNodeJs/egg-learning/node_modules/egg-logrotator/app/schedule/clean_log.js
2025-01-10 20:48:12,327 INFO 6630 [egg-schedule]: register schedule /Users/hongjiapeng/Desktop/HJP/learnNodeJs/egg-learning/node_modules/egg-logrotator/app/schedule/rotate_by_file.js
2025-01-10 20:58:51,468 INFO 11502 [egg-schedule]: register schedule /Users/hongjiapeng/Desktop/HJP/learnNodeJs/egg-learning/node_modules/egg-multipart/app/schedule/clean_tmpdir.js
2025-01-10 20:58:51,468 INFO 11502 [egg-schedule]: register schedule /Users/hongjiapeng/Desktop/HJP/learnNodeJs/egg-learning/node_modules/egg-logrotator/app/schedule/clean_log.js
2025-01-10 20:58:51,468 INFO 11502 [egg-schedule]: register schedule /Users/hongjiapeng/Desktop/HJP/learnNodeJs/egg-learning/node_modules/egg-logrotator/app/schedule/rotate_by_file.js
2025-01-10 20:59:44,720 INFO 11867 [egg-schedule]: register schedule /Users/hongjiapeng/Desktop/HJP/learnNodeJs/egg-learning/node_modules/egg-multipart/app/schedule/clean_tmpdir.js
2025-01-10 20:59:44,720 INFO 11867 [egg-schedule]: register schedule /Users/hongjiapeng/Desktop/HJP/learnNodeJs/egg-learning/node_modules/egg-logrotator/app/schedule/clean_log.js
2025-01-10 20:59:44,720 INFO 11867 [egg-schedule]: register schedule /Users/hongjiapeng/Desktop/HJP/learnNodeJs/egg-learning/node_modules/egg-logrotator/app/schedule/rotate_by_file.js
2025-01-10 21:01:36,327 INFO 14549 [egg-schedule]: register schedule /Users/hongjiapeng/Desktop/HJP/learnNodeJs/egg-learning/node_modules/egg-multipart/app/schedule/clean_tmpdir.js
2025-01-10 21:01:36,327 INFO 14549 [egg-schedule]: register schedule /Users/hongjiapeng/Desktop/HJP/learnNodeJs/egg-learning/node_modules/egg-logrotator/app/schedule/clean_log.js
2025-01-10 21:01:36,327 INFO 14549 [egg-schedule]: register schedule /Users/hongjiapeng/Desktop/HJP/learnNodeJs/egg-learning/node_modules/egg-logrotator/app/schedule/rotate_by_file.js
2025-01-10 21:16:42,246 INFO 25142 [egg-schedule]: register schedule /Users/hongjiapeng/Desktop/HJP/learnNodeJs/egg-learning/node_modules/egg-multipart/app/schedule/clean_tmpdir.js
2025-01-10 21:16:42,246 INFO 25142 [egg-schedule]: register schedule /Users/hongjiapeng/Desktop/HJP/learnNodeJs/egg-learning/node_modules/egg-logrotator/app/schedule/clean_log.js
2025-01-10 21:16:42,246 INFO 25142 [egg-schedule]: register schedule /Users/hongjiapeng/Desktop/HJP/learnNodeJs/egg-learning/node_modules/egg-logrotator/app/schedule/rotate_by_file.js
2025-01-10 21:43:31,415 INFO 40604 [egg-schedule]: register schedule /Users/hongjiapeng/Desktop/HJP/learnNodeJs/egg-learning/node_modules/egg-multipart/app/schedule/clean_tmpdir.js
2025-01-10 21:43:31,415 INFO 40604 [egg-schedule]: register schedule /Users/hongjiapeng/Desktop/HJP/learnNodeJs/egg-learning/node_modules/egg-logrotator/app/schedule/clean_log.js
2025-01-10 21:43:31,415 INFO 40604 [egg-schedule]: register schedule /Users/hongjiapeng/Desktop/HJP/learnNodeJs/egg-learning/node_modules/egg-logrotator/app/schedule/rotate_by_file.js
2025-01-10 21:46:29,178 INFO 42072 [egg-schedule]: register schedule /Users/hongjiapeng/Desktop/HJP/learnNodeJs/egg-learning/node_modules/egg-multipart/app/schedule/clean_tmpdir.js
2025-01-10 21:46:29,178 INFO 42072 [egg-schedule]: register schedule /Users/hongjiapeng/Desktop/HJP/learnNodeJs/egg-learning/node_modules/egg-logrotator/app/schedule/clean_log.js
2025-01-10 21:46:29,178 INFO 42072 [egg-schedule]: register schedule /Users/hongjiapeng/Desktop/HJP/learnNodeJs/egg-learning/node_modules/egg-logrotator/app/schedule/rotate_by_file.js
