2025-01-12 00:00:00,970 INFO 83700 [egg-logrotator] app logger reload: got log-reload message
2025-01-12 00:35:02,657 WARN 83700 [TCPBase] socket is closed by other side while there were still unhandled data in the socket buffer
2025-01-12 00:35:02,659 WARN 83700 [ClusterClient:Watcher] follower closed, and try to init it again
2025-01-12 00:53:09,860 WARN 83700 [ClusterClient:Watcher] follower closed, and try to init it again
2025-01-12 01:25:52,918 WARN 83700 [ClusterClient:Watcher] follower closed, and try to init it again
2025-01-12 01:42:02,180 WARN 83700 [ClusterClient:Watcher] follower closed, and try to init it again
2025-01-12 01:57:47,397 WARN 83700 [TCPBase] socket is closed by other side while there were still unhandled data in the socket buffer
2025-01-12 01:57:47,397 WARN 83700 [ClusterClient:Watcher] follower closed, and try to init it again
2025-01-12 02:03:33,627 WARN 83700 [ClusterClient:Watcher] follower closed, and try to init it again
2025-01-12 03:20:32,098 WARN 83700 [TCPBase] socket is closed by other side while there were still unhandled data in the socket buffer
2025-01-12 03:20:32,099 WARN 83700 [ClusterClient:Watcher] follower closed, and try to init it again
2025-01-12 03:57:57,043 WARN 83700 [TCPBase] socket is closed by other side while there were still unhandled data in the socket buffer
2025-01-12 03:57:57,043 WARN 83700 [ClusterClient:Watcher] follower closed, and try to init it again
2025-01-12 04:15:30,934 WARN 83700 [TCPBase] socket is closed by other side while there were still unhandled data in the socket buffer
2025-01-12 04:15:30,934 WARN 83700 [ClusterClient:Watcher] follower closed, and try to init it again
2025-01-12 04:33:39,150 WARN 83700 [ClusterClient:Watcher] follower closed, and try to init it again
2025-01-12 04:33:39,165 INFO 83700 [-/127.0.0.1/-/10ms SCHEDULE /__schedule?path=/Users/hongjiapeng/Desktop/hjp/learnNodeJs/egg-learning/node_modules/egg-multipart/app/schedule/clean_tmpdir.js&type=worker&cron=0%2030%204%20*%20*%20*&disable=false&immediate=false] [egg-multipart:CleanTmpdir] start clean tmpdir: "/var/folders/wc/5pqblwjd1czc4gdpvlj3brh80000gn/T/egg-multipart-tmp/egg-learning"
2025-01-12 04:33:39,190 INFO 83700 [-/127.0.0.1/-/35ms SCHEDULE /__schedule?path=/Users/hongjiapeng/Desktop/hjp/learnNodeJs/egg-learning/node_modules/egg-multipart/app/schedule/clean_tmpdir.js&type=worker&cron=0%2030%204%20*%20*%20*&disable=false&immediate=false] [egg-multipart:CleanTmpdir] end
2025-01-12 04:49:51,182 WARN 83700 [ClusterClient:Watcher] follower closed, and try to init it again
2025-01-12 05:05:37,906 WARN 83700 [ClusterClient:Watcher] follower closed, and try to init it again
2025-01-12 05:23:06,070 WARN 83700 [ClusterClient:Watcher] follower closed, and try to init it again
2025-01-12 05:40:59,558 WARN 83700 [ClusterClient:Watcher] follower closed, and try to init it again
2025-01-12 05:55:49,389 WARN 83700 [TCPBase] socket is closed by other side while there were still unhandled data in the socket buffer
2025-01-12 05:55:49,389 WARN 83700 [ClusterClient:Watcher] follower closed, and try to init it again
2025-01-12 06:12:29,511 WARN 83700 [ClusterClient:Watcher] follower closed, and try to init it again
2025-01-12 06:30:07,858 WARN 83700 [TCPBase] socket is closed by other side while there were still unhandled data in the socket buffer
2025-01-12 06:30:07,858 WARN 83700 [ClusterClient:Watcher] follower closed, and try to init it again
2025-01-12 06:47:53,082 WARN 83700 [TCPBase] socket is closed by other side while there were still unhandled data in the socket buffer
2025-01-12 06:47:53,083 WARN 83700 [ClusterClient:Watcher] follower closed, and try to init it again
2025-01-12 07:05:38,211 WARN 83700 [TCPBase] socket is closed by other side while there were still unhandled data in the socket buffer
2025-01-12 07:05:38,212 WARN 83700 [ClusterClient:Watcher] follower closed, and try to init it again
2025-01-12 07:21:53,963 WARN 83700 [ClusterClient:Watcher] follower closed, and try to init it again
2025-01-12 07:37:50,870 WARN 83700 [ClusterClient:Watcher] follower closed, and try to init it again
2025-01-12 07:53:38,792 WARN 83700 [ClusterClient:Watcher] follower closed, and try to init it again
2025-01-12 08:32:25,204 WARN 83700 [ClusterClient:Watcher] follower closed, and try to init it again
2025-01-12 09:33:26,043 WARN 83700 [TCPBase] socket is closed by other side while there were still unhandled data in the socket buffer
2025-01-12 09:33:26,044 WARN 83700 [ClusterClient:Watcher] follower closed, and try to init it again
2025-01-12 09:58:49,854 WARN 83700 [TCPBase] socket is closed by other side while there were still unhandled data in the socket buffer
2025-01-12 09:58:49,855 WARN 83700 [ClusterClient:Watcher] follower closed, and try to init it again
2025-01-12 10:16:34,834 WARN 83700 [ClusterClient:Watcher] follower closed, and try to init it again
2025-01-12 11:01:57,815 INFO 88147 [egg:logger] init all loggers with options: {"dir":"/Users/hongjiapeng/Desktop/hjp/learnNodeJs/egg-learning/logs/egg-learning","encoding":"utf8","env":"local","level":"INFO","consoleLevel":"INFO","disableConsoleAfterReady":false,"outputJSON":false,"buffer":true,"appLogName":"egg-learning-web.log","coreLogName":"egg-web.log","agentLogName":"egg-agent.log","errorLogName":"common-error.log","coreLogger":{"consoleLevel":"WARN"},"allowDebugAtProd":false,"enablePerformanceTimer":false,"enableFastContextLogger":false,"type":"application","localStorage":{"enabled":false}}
2025-01-12 11:01:57,815 INFO 88147 [egg-multipart] stream mode enable
2025-01-12 11:01:57,885 INFO 88147 [egg-static] starting static serve /public/ -> /Users/hongjiapeng/Desktop/hjp/learnNodeJs/egg-learning/app/public
2025-01-12 11:01:57,886 INFO 88147 [egg-security] use csrf middleware
2025-01-12 11:01:57,887 INFO 88147 [egg-security] use methodnoallow middleware
2025-01-12 11:01:57,887 INFO 88147 [egg-security] use noopen middleware
2025-01-12 11:01:57,889 INFO 88147 [egg-security] use nosniff middleware
2025-01-12 11:01:57,890 INFO 88147 [egg-security] use xssProtection middleware
2025-01-12 11:01:57,890 INFO 88147 [egg-security] use xframe middleware
2025-01-12 11:01:57,890 INFO 88147 [egg-security] use dta middleware
2025-01-12 11:01:57,890 INFO 88147 [egg-security] compose 7 middlewares into one security middleware
2025-01-12 11:01:57,900 INFO 88147 [egg:core] dump config after load, 6ms
2025-01-12 11:01:57,914 INFO 88147 [egg-watcher:application] watcher start success
2025-01-12 11:01:57,922 INFO 88147 egg start timeline:
▇▇▇▇▇▇▇▇▇▇▇▇▇▇▇▇▇▇▇▇▇▇▇▇▇▇▇▇▇▇▇▇▇▇ [472ms] - #0 Process Start
                                  ▇▇▇▇▇▇▇▇▇▇▇▇▇▇▇ [210ms] - #1 Application Start
                                  ▇ [8ms] - #2 Load Plugin
                                   ▇ [12ms] - #3 Load Config
                                   ▇ [1ms] - #4 Require(0) config/config.default.js
                                   ▇ [1ms] - #5 Require(1) node_modules/egg-session/config/config.default.js
                                   ▇ [0ms] - #6 Require(2) node_modules/egg-security/config/config.default.js
                                   ▇ [0ms] - #7 Require(3) node_modules/egg-jsonp/config/config.default.js
                                   ▇ [0ms] - #8 Require(4) node_modules/egg-onerror/config/config.default.js
                                   ▇ [0ms] - #9 Require(5) node_modules/egg-i18n/config/config.default.js
                                   ▇ [1ms] - #10 Require(6) node_modules/egg-watcher/config/config.default.js
                                   ▇ [0ms] - #11 Require(7) node_modules/egg-schedule/config/config.default.js
                                   ▇ [1ms] - #12 Require(8) node_modules/egg-multipart/config/config.default.js
                                    ▇ [0ms] - #13 Require(9) node_modules/egg-development/config/config.default.js
                                    ▇ [0ms] - #14 Require(10) node_modules/egg-logrotator/config/config.default.js
                                    ▇ [0ms] - #15 Require(11) node_modules/egg-static/config/config.default.js
                                    ▇ [0ms] - #16 Require(12) node_modules/egg-view/config/config.default.js
                                    ▇ [0ms] - #17 Require(13) node_modules/egg-view-nunjucks/config/config.default.js
                                    ▇ [1ms] - #18 Require(14) node_modules/egg/config/config.default.js
                                    ▇ [0ms] - #19 Require(15) config/config.default.js
                                    ▇ [1ms] - #20 Require(16) node_modules/egg-security/config/config.local.js
                                    ▇ [0ms] - #21 Require(17) node_modules/egg-watcher/config/config.local.js
                                    ▇ [0ms] - #22 Require(18) node_modules/egg-view/config/config.local.js
                                    ▇ [1ms] - #23 Require(19) node_modules/egg-view-nunjucks/config/config.local.js
                                    ▇ [0ms] - #24 Require(20) node_modules/egg/config/config.local.js
                                    ▇ [21ms] - #25 Load extend/application.js
                                    ▇ [0ms] - #26 Require(21) node_modules/egg-session/app/extend/application.js
                                    ▇ [1ms] - #27 Require(22) node_modules/egg-security/app/extend/application.js
                                    ▇ [1ms] - #28 Require(23) node_modules/egg-jsonp/app/extend/application.js
                                    ▇ [1ms] - #29 Require(24) node_modules/egg-schedule/app/extend/application.js
                                    ▇ [1ms] - #30 Require(25) node_modules/egg-logrotator/app/extend/application.js
                                    ▇ [1ms] - #31 Require(26) node_modules/egg-view/app/extend/application.js
                                    ▇ [14ms] - #32 Require(27) node_modules/egg-view-nunjucks/app/extend/application.js
                                      ▇ [1ms] - #33 Load extend/request.js
                                      ▇ [0ms] - #34 Require(28) node_modules/egg/app/extend/request.js
                                      ▇ [2ms] - #35 Load extend/response.js
                                      ▇ [1ms] - #36 Require(29) node_modules/egg/app/extend/response.js
                                      ▇ [18ms] - #37 Load extend/context.js
                                      ▇ [7ms] - #38 Require(30) node_modules/egg-security/app/extend/context.js
                                      ▇ [0ms] - #39 Require(31) node_modules/egg-jsonp/app/extend/context.js
                                      ▇ [0ms] - #40 Require(32) node_modules/egg-i18n/app/extend/context.js
                                      ▇ [8ms] - #41 Require(33) node_modules/egg-multipart/app/extend/context.js
                                       ▇ [0ms] - #42 Require(34) node_modules/egg-view/app/extend/context.js
                                       ▇ [1ms] - #43 Require(35) node_modules/egg/app/extend/context.js
                                       ▇ [18ms] - #44 Load extend/helper.js
                                       ▇ [15ms] - #45 Require(36) node_modules/egg-security/app/extend/helper.js
                                        ▇ [0ms] - #46 Require(37) node_modules/egg/app/extend/helper.js
                                        ▇ [1ms] - #47 Require(38) app/extend/helper.js
                                        ▇ [16ms] - #48 Load app.js
                                        ▇ [0ms] - #49 Require(39) node_modules/egg-session/app.js
                                        ▇ [0ms] - #50 Require(40) node_modules/egg-security/app.js
                                        ▇ [4ms] - #51 Require(41) node_modules/egg-onerror/app.js
                                         ▇ [6ms] - #52 Require(42) node_modules/egg-i18n/app.js
                                         ▇ [3ms] - #53 Require(43) node_modules/egg-watcher/app.js
                                         ▇ [0ms] - #54 Require(44) node_modules/egg-schedule/app.js
                                         ▇ [1ms] - #55 Require(45) node_modules/egg-multipart/app.js
                                         ▇ [0ms] - #56 Require(46) node_modules/egg-development/app.js
                                         ▇ [0ms] - #57 Require(47) node_modules/egg-logrotator/app.js
                                         ▇ [1ms] - #58 Require(48) node_modules/egg-static/app.js
                                          ▇ [0ms] - #59 Require(49) node_modules/egg-view-nunjucks/app.js
                                          ▇▇▇▇▇▇ [96ms] - #60 Before Start in node_modules/egg-watcher/lib/init.js:15:14
                                            ▇ [3ms] - #61 Load Service
                                            ▇ [2ms] - #62 Load "service" to Context
                                            ▇▇▇ [48ms] - #63 Load Middleware
                                            ▇▇ [41ms] - #64 Load "middlewares" to Application
                                               ▇ [1ms] - #65 Load Controller
                                               ▇ [1ms] - #66 Load "controller" to Application
                                               ▇ [2ms] - #67 Load Router
                                               ▇ [1ms] - #68 Require(50) app/router.js
                                               ▇ [7ms] - #69 Before Start in node_modules/egg-core/lib/egg.js:306:10
2025-01-12 11:01:57,922 INFO 88147 [egg:core] dump config after ready, 5ms
2025-01-12 11:26:22,229 INFO 88400 [egg:logger] init all loggers with options: {"dir":"/Users/hongjiapeng/Desktop/hjp/learnNodeJs/egg-learning/logs/egg-learning","encoding":"utf8","env":"local","level":"INFO","consoleLevel":"INFO","disableConsoleAfterReady":false,"outputJSON":false,"buffer":true,"appLogName":"egg-learning-web.log","coreLogName":"egg-web.log","agentLogName":"egg-agent.log","errorLogName":"common-error.log","coreLogger":{"consoleLevel":"WARN"},"allowDebugAtProd":false,"enablePerformanceTimer":false,"enableFastContextLogger":false,"type":"application","localStorage":{"enabled":false}}
2025-01-12 11:26:22,229 INFO 88400 [egg-multipart] stream mode enable
2025-01-12 11:26:22,289 INFO 88400 [egg-static] starting static serve /public/ -> /Users/hongjiapeng/Desktop/hjp/learnNodeJs/egg-learning/app/public
2025-01-12 11:26:22,290 INFO 88400 [egg-security] use csrf middleware
2025-01-12 11:26:22,291 INFO 88400 [egg-security] use methodnoallow middleware
2025-01-12 11:26:22,291 INFO 88400 [egg-security] use noopen middleware
2025-01-12 11:26:22,292 INFO 88400 [egg-security] use nosniff middleware
2025-01-12 11:26:22,292 INFO 88400 [egg-security] use xssProtection middleware
2025-01-12 11:26:22,292 INFO 88400 [egg-security] use xframe middleware
2025-01-12 11:26:22,293 INFO 88400 [egg-security] use dta middleware
2025-01-12 11:26:22,293 INFO 88400 [egg-security] compose 7 middlewares into one security middleware
2025-01-12 11:26:22,299 INFO 88400 [egg:core] dump config after load, 4ms
2025-01-12 11:26:22,309 INFO 88400 [egg-watcher:application] watcher start success
2025-01-12 11:26:22,316 INFO 88400 egg start timeline:
▇▇▇▇▇▇▇▇▇▇▇▇▇▇▇▇▇▇▇▇▇▇▇▇▇▇▇▇▇▇▇▇ [353ms] - #0 Process Start
                                ▇▇▇▇▇▇▇▇▇▇▇▇▇▇▇▇ [182ms] - #1 Application Start
                                 ▇ [7ms] - #2 Load Plugin
                                  ▇ [12ms] - #3 Load Config
                                  ▇ [1ms] - #4 Require(0) config/config.default.js
                                  ▇ [0ms] - #5 Require(1) node_modules/egg-session/config/config.default.js
                                  ▇ [0ms] - #6 Require(2) node_modules/egg-security/config/config.default.js
                                  ▇ [0ms] - #7 Require(3) node_modules/egg-jsonp/config/config.default.js
                                  ▇ [0ms] - #8 Require(4) node_modules/egg-onerror/config/config.default.js
                                  ▇ [0ms] - #9 Require(5) node_modules/egg-i18n/config/config.default.js
                                  ▇ [1ms] - #10 Require(6) node_modules/egg-watcher/config/config.default.js
                                  ▇ [0ms] - #11 Require(7) node_modules/egg-schedule/config/config.default.js
                                  ▇ [1ms] - #12 Require(8) node_modules/egg-multipart/config/config.default.js
                                  ▇ [0ms] - #13 Require(9) node_modules/egg-development/config/config.default.js
                                  ▇ [0ms] - #14 Require(10) node_modules/egg-logrotator/config/config.default.js
                                  ▇ [0ms] - #15 Require(11) node_modules/egg-static/config/config.default.js
                                  ▇ [1ms] - #16 Require(12) node_modules/egg-view/config/config.default.js
                                  ▇ [0ms] - #17 Require(13) node_modules/egg-view-nunjucks/config/config.default.js
                                  ▇ [0ms] - #18 Require(14) node_modules/egg/config/config.default.js
                                  ▇ [0ms] - #19 Require(15) config/config.default.js
                                  ▇ [0ms] - #20 Require(16) node_modules/egg-security/config/config.local.js
                                   ▇ [0ms] - #21 Require(17) node_modules/egg-watcher/config/config.local.js
                                   ▇ [0ms] - #22 Require(18) node_modules/egg-view/config/config.local.js
                                   ▇ [0ms] - #23 Require(19) node_modules/egg-view-nunjucks/config/config.local.js
                                   ▇ [0ms] - #24 Require(20) node_modules/egg/config/config.local.js
                                   ▇ [20ms] - #25 Load extend/application.js
                                   ▇ [1ms] - #26 Require(21) node_modules/egg-session/app/extend/application.js
                                   ▇ [1ms] - #27 Require(22) node_modules/egg-security/app/extend/application.js
                                   ▇ [1ms] - #28 Require(23) node_modules/egg-jsonp/app/extend/application.js
                                   ▇ [1ms] - #29 Require(24) node_modules/egg-schedule/app/extend/application.js
                                   ▇ [1ms] - #30 Require(25) node_modules/egg-logrotator/app/extend/application.js
                                   ▇ [0ms] - #31 Require(26) node_modules/egg-view/app/extend/application.js
                                   ▇ [13ms] - #32 Require(27) node_modules/egg-view-nunjucks/app/extend/application.js
                                    ▇ [1ms] - #33 Load extend/request.js
                                    ▇ [1ms] - #34 Require(28) node_modules/egg/app/extend/request.js
                                     ▇ [3ms] - #35 Load extend/response.js
                                     ▇ [2ms] - #36 Require(29) node_modules/egg/app/extend/response.js
                                     ▇ [18ms] - #37 Load extend/context.js
                                     ▇ [7ms] - #38 Require(30) node_modules/egg-security/app/extend/context.js
                                     ▇ [1ms] - #39 Require(31) node_modules/egg-jsonp/app/extend/context.js
                                      ▇ [0ms] - #40 Require(32) node_modules/egg-i18n/app/extend/context.js
                                      ▇ [8ms] - #41 Require(33) node_modules/egg-multipart/app/extend/context.js
                                      ▇ [0ms] - #42 Require(34) node_modules/egg-view/app/extend/context.js
                                      ▇ [1ms] - #43 Require(35) node_modules/egg/app/extend/context.js
                                       ▇ [0ms] - #44 Require(36) app/extend/context.js
                                       ▇ [14ms] - #45 Load extend/helper.js
                                       ▇ [11ms] - #46 Require(37) node_modules/egg-security/app/extend/helper.js
                                        ▇ [1ms] - #47 Require(38) node_modules/egg/app/extend/helper.js
                                        ▇ [1ms] - #48 Require(39) app/extend/helper.js
                                        ▇ [16ms] - #49 Load app.js
                                        ▇ [0ms] - #50 Require(40) node_modules/egg-session/app.js
                                        ▇ [0ms] - #51 Require(41) node_modules/egg-security/app.js
                                        ▇ [4ms] - #52 Require(42) node_modules/egg-onerror/app.js
                                        ▇ [5ms] - #53 Require(43) node_modules/egg-i18n/app.js
                                         ▇ [3ms] - #54 Require(44) node_modules/egg-watcher/app.js
                                         ▇ [0ms] - #55 Require(45) node_modules/egg-schedule/app.js
                                         ▇ [1ms] - #56 Require(46) node_modules/egg-multipart/app.js
                                         ▇ [0ms] - #57 Require(47) node_modules/egg-development/app.js
                                         ▇ [0ms] - #58 Require(48) node_modules/egg-logrotator/app.js
                                         ▇ [1ms] - #59 Require(49) node_modules/egg-static/app.js
                                         ▇ [0ms] - #60 Require(50) node_modules/egg-view-nunjucks/app.js
                                          ▇▇▇▇▇▇▇ [77ms] - #61 Before Start in node_modules/egg-watcher/lib/init.js:15:14
                                           ▇ [2ms] - #62 Load Service
                                           ▇ [2ms] - #63 Load "service" to Context
                                            ▇▇▇ [40ms] - #64 Load Middleware
                                            ▇▇▇ [35ms] - #65 Load "middlewares" to Application
                                               ▇ [1ms] - #66 Load Controller
                                               ▇ [1ms] - #67 Load "controller" to Application
                                               ▇ [1ms] - #68 Load Router
                                               ▇ [0ms] - #69 Require(51) app/router.js
                                               ▇ [6ms] - #70 Before Start in node_modules/egg-core/lib/egg.js:306:10
2025-01-12 11:26:22,316 INFO 88400 [egg:core] dump config after ready, 4ms
2025-01-12 11:27:02,566 INFO 88418 [egg:logger] init all loggers with options: {"dir":"/Users/hongjiapeng/Desktop/hjp/learnNodeJs/egg-learning/logs/egg-learning","encoding":"utf8","env":"local","level":"INFO","consoleLevel":"INFO","disableConsoleAfterReady":false,"outputJSON":false,"buffer":true,"appLogName":"egg-learning-web.log","coreLogName":"egg-web.log","agentLogName":"egg-agent.log","errorLogName":"common-error.log","coreLogger":{"consoleLevel":"WARN"},"allowDebugAtProd":false,"enablePerformanceTimer":false,"enableFastContextLogger":false,"type":"application","localStorage":{"enabled":false}}
2025-01-12 11:27:02,566 INFO 88418 [egg-multipart] stream mode enable
2025-01-12 11:27:02,638 INFO 88418 [egg-static] starting static serve /public/ -> /Users/hongjiapeng/Desktop/hjp/learnNodeJs/egg-learning/app/public
2025-01-12 11:27:02,639 INFO 88418 [egg-security] use csrf middleware
2025-01-12 11:27:02,640 INFO 88418 [egg-security] use methodnoallow middleware
2025-01-12 11:27:02,640 INFO 88418 [egg-security] use noopen middleware
2025-01-12 11:27:02,641 INFO 88418 [egg-security] use nosniff middleware
2025-01-12 11:27:02,641 INFO 88418 [egg-security] use xssProtection middleware
2025-01-12 11:27:02,641 INFO 88418 [egg-security] use xframe middleware
2025-01-12 11:27:02,641 INFO 88418 [egg-security] use dta middleware
2025-01-12 11:27:02,641 INFO 88418 [egg-security] compose 7 middlewares into one security middleware
2025-01-12 11:27:02,647 INFO 88418 [egg:core] dump config after load, 3ms
2025-01-12 11:27:02,658 INFO 88418 [egg-watcher:application] watcher start success
2025-01-12 11:27:02,665 INFO 88418 egg start timeline:
▇▇▇▇▇▇▇▇▇▇▇▇▇▇▇▇▇▇▇▇▇▇▇▇▇▇▇▇▇▇ [311ms] - #0 Process Start
                              ▇▇▇▇▇▇▇▇▇▇▇▇▇▇▇▇▇▇ [190ms] - #1 Application Start
                               ▇ [6ms] - #2 Load Plugin
                                ▇ [11ms] - #3 Load Config
                                ▇ [0ms] - #4 Require(0) config/config.default.js
                                ▇ [0ms] - #5 Require(1) node_modules/egg-session/config/config.default.js
                                ▇ [0ms] - #6 Require(2) node_modules/egg-security/config/config.default.js
                                ▇ [1ms] - #7 Require(3) node_modules/egg-jsonp/config/config.default.js
                                ▇ [0ms] - #8 Require(4) node_modules/egg-onerror/config/config.default.js
                                ▇ [0ms] - #9 Require(5) node_modules/egg-i18n/config/config.default.js
                                ▇ [1ms] - #10 Require(6) node_modules/egg-watcher/config/config.default.js
                                ▇ [0ms] - #11 Require(7) node_modules/egg-schedule/config/config.default.js
                                ▇ [1ms] - #12 Require(8) node_modules/egg-multipart/config/config.default.js
                                ▇ [0ms] - #13 Require(9) node_modules/egg-development/config/config.default.js
                                ▇ [1ms] - #14 Require(10) node_modules/egg-logrotator/config/config.default.js
                                ▇ [0ms] - #15 Require(11) node_modules/egg-static/config/config.default.js
                                ▇ [0ms] - #16 Require(12) node_modules/egg-view/config/config.default.js
                                ▇ [0ms] - #17 Require(13) node_modules/egg-view-nunjucks/config/config.default.js
                                ▇ [0ms] - #18 Require(14) node_modules/egg/config/config.default.js
                                 ▇ [0ms] - #19 Require(15) config/config.default.js
                                 ▇ [0ms] - #20 Require(16) node_modules/egg-security/config/config.local.js
                                 ▇ [0ms] - #21 Require(17) node_modules/egg-watcher/config/config.local.js
                                 ▇ [1ms] - #22 Require(18) node_modules/egg-view/config/config.local.js
                                 ▇ [0ms] - #23 Require(19) node_modules/egg-view-nunjucks/config/config.local.js
                                 ▇ [0ms] - #24 Require(20) node_modules/egg/config/config.local.js
                                 ▇ [18ms] - #25 Load extend/application.js
                                 ▇ [0ms] - #26 Require(21) node_modules/egg-session/app/extend/application.js
                                 ▇ [1ms] - #27 Require(22) node_modules/egg-security/app/extend/application.js
                                 ▇ [1ms] - #28 Require(23) node_modules/egg-jsonp/app/extend/application.js
                                 ▇ [2ms] - #29 Require(24) node_modules/egg-schedule/app/extend/application.js
                                 ▇ [1ms] - #30 Require(25) node_modules/egg-logrotator/app/extend/application.js
                                 ▇ [0ms] - #31 Require(26) node_modules/egg-view/app/extend/application.js
                                 ▇ [13ms] - #32 Require(27) node_modules/egg-view-nunjucks/app/extend/application.js
                                  ▇ [2ms] - #33 Load extend/request.js
                                   ▇ [0ms] - #34 Require(28) node_modules/egg/app/extend/request.js
                                   ▇ [2ms] - #35 Load extend/response.js
                                   ▇ [2ms] - #36 Require(29) node_modules/egg/app/extend/response.js
                                   ▇ [17ms] - #37 Load extend/context.js
                                   ▇ [6ms] - #38 Require(30) node_modules/egg-security/app/extend/context.js
                                   ▇ [1ms] - #39 Require(31) node_modules/egg-jsonp/app/extend/context.js
                                    ▇ [0ms] - #40 Require(32) node_modules/egg-i18n/app/extend/context.js
                                    ▇ [8ms] - #41 Require(33) node_modules/egg-multipart/app/extend/context.js
                                    ▇ [0ms] - #42 Require(34) node_modules/egg-view/app/extend/context.js
                                    ▇ [1ms] - #43 Require(35) node_modules/egg/app/extend/context.js
                                    ▇ [0ms] - #44 Require(36) app/extend/context.js
                                     ▇ [12ms] - #45 Load extend/helper.js
                                     ▇ [10ms] - #46 Require(37) node_modules/egg-security/app/extend/helper.js
                                      ▇ [0ms] - #47 Require(38) node_modules/egg/app/extend/helper.js
                                      ▇ [1ms] - #48 Require(39) app/extend/helper.js
                                      ▇ [16ms] - #49 Load app.js
                                      ▇ [1ms] - #50 Require(40) node_modules/egg-session/app.js
                                      ▇ [1ms] - #51 Require(41) node_modules/egg-security/app.js
                                      ▇ [3ms] - #52 Require(42) node_modules/egg-onerror/app.js
                                      ▇ [5ms] - #53 Require(43) node_modules/egg-i18n/app.js
                                       ▇ [2ms] - #54 Require(44) node_modules/egg-watcher/app.js
                                       ▇ [0ms] - #55 Require(45) node_modules/egg-schedule/app.js
                                       ▇ [1ms] - #56 Require(46) node_modules/egg-multipart/app.js
                                       ▇ [0ms] - #57 Require(47) node_modules/egg-development/app.js
                                       ▇ [0ms] - #58 Require(48) node_modules/egg-logrotator/app.js
                                       ▇ [0ms] - #59 Require(49) node_modules/egg-static/app.js
                                       ▇ [1ms] - #60 Require(50) node_modules/egg-view-nunjucks/app.js
                                        ▇▇▇▇▇▇▇▇ [86ms] - #61 Before Start in node_modules/egg-watcher/lib/init.js:15:14
                                           ▇ [4ms] - #62 Load Service
                                           ▇ [4ms] - #63 Load "service" to Context
                                           ▇▇▇ [40ms] - #64 Load Middleware
                                           ▇▇▇ [35ms] - #65 Load "middlewares" to Application
                                               ▇ [0ms] - #66 Load Controller
                                               ▇ [0ms] - #67 Load "controller" to Application
                                               ▇ [2ms] - #68 Load Router
                                               ▇ [0ms] - #69 Require(51) app/router.js
                                               ▇ [5ms] - #70 Before Start in node_modules/egg-core/lib/egg.js:306:10
2025-01-12 11:27:02,665 INFO 88418 [egg:core] dump config after ready, 4ms
2025-01-12 11:32:53,835 INFO 88528 [egg:logger] init all loggers with options: {"dir":"/Users/hongjiapeng/Desktop/hjp/learnNodeJs/egg-learning/logs/egg-learning","encoding":"utf8","env":"local","level":"INFO","consoleLevel":"INFO","disableConsoleAfterReady":false,"outputJSON":false,"buffer":true,"appLogName":"egg-learning-web.log","coreLogName":"egg-web.log","agentLogName":"egg-agent.log","errorLogName":"common-error.log","coreLogger":{"consoleLevel":"WARN"},"allowDebugAtProd":false,"enablePerformanceTimer":false,"enableFastContextLogger":false,"type":"application","localStorage":{"enabled":false}}
2025-01-12 11:32:53,835 INFO 88528 [egg-multipart] stream mode enable
2025-01-12 11:32:53,897 INFO 88528 [egg-static] starting static serve /public/ -> /Users/hongjiapeng/Desktop/hjp/learnNodeJs/egg-learning/app/public
2025-01-12 11:32:53,899 INFO 88528 [egg-security] use csrf middleware
2025-01-12 11:32:53,899 INFO 88528 [egg-security] use methodnoallow middleware
2025-01-12 11:32:53,899 INFO 88528 [egg-security] use noopen middleware
2025-01-12 11:32:53,901 INFO 88528 [egg-security] use nosniff middleware
2025-01-12 11:32:53,902 INFO 88528 [egg-security] use xssProtection middleware
2025-01-12 11:32:53,902 INFO 88528 [egg-security] use xframe middleware
2025-01-12 11:32:53,902 INFO 88528 [egg-security] use dta middleware
2025-01-12 11:32:53,902 INFO 88528 [egg-security] compose 7 middlewares into one security middleware
2025-01-12 11:32:53,910 INFO 88528 [egg:core] dump config after load, 4ms
2025-01-12 11:32:53,921 INFO 88528 [egg-watcher:application] watcher start success
2025-01-12 11:32:53,927 INFO 88528 egg start timeline:
▇▇▇▇▇▇▇▇▇▇▇▇▇▇▇▇▇▇▇▇▇▇▇▇▇▇▇▇▇▇▇▇ [349ms] - #0 Process Start
                                ▇▇▇▇▇▇▇▇▇▇▇▇▇▇▇▇▇ [185ms] - #1 Application Start
                                 ▇ [7ms] - #2 Load Plugin
                                 ▇ [12ms] - #3 Load Config
                                 ▇ [1ms] - #4 Require(0) config/config.default.js
                                 ▇ [0ms] - #5 Require(1) node_modules/egg-session/config/config.default.js
                                 ▇ [0ms] - #6 Require(2) node_modules/egg-security/config/config.default.js
                                  ▇ [0ms] - #7 Require(3) node_modules/egg-jsonp/config/config.default.js
                                  ▇ [1ms] - #8 Require(4) node_modules/egg-onerror/config/config.default.js
                                  ▇ [0ms] - #9 Require(5) node_modules/egg-i18n/config/config.default.js
                                  ▇ [1ms] - #10 Require(6) node_modules/egg-watcher/config/config.default.js
                                  ▇ [0ms] - #11 Require(7) node_modules/egg-schedule/config/config.default.js
                                  ▇ [1ms] - #12 Require(8) node_modules/egg-multipart/config/config.default.js
                                  ▇ [0ms] - #13 Require(9) node_modules/egg-development/config/config.default.js
                                  ▇ [1ms] - #14 Require(10) node_modules/egg-logrotator/config/config.default.js
                                  ▇ [0ms] - #15 Require(11) node_modules/egg-static/config/config.default.js
                                  ▇ [0ms] - #16 Require(12) node_modules/egg-view/config/config.default.js
                                  ▇ [1ms] - #17 Require(13) node_modules/egg-view-nunjucks/config/config.default.js
                                  ▇ [0ms] - #18 Require(14) node_modules/egg/config/config.default.js
                                  ▇ [0ms] - #19 Require(15) config/config.default.js
                                  ▇ [0ms] - #20 Require(16) node_modules/egg-security/config/config.local.js
                                  ▇ [1ms] - #21 Require(17) node_modules/egg-watcher/config/config.local.js
                                  ▇ [0ms] - #22 Require(18) node_modules/egg-view/config/config.local.js
                                  ▇ [0ms] - #23 Require(19) node_modules/egg-view-nunjucks/config/config.local.js
                                  ▇ [1ms] - #24 Require(20) node_modules/egg/config/config.local.js
                                  ▇ [19ms] - #25 Load extend/application.js
                                  ▇ [0ms] - #26 Require(21) node_modules/egg-session/app/extend/application.js
                                  ▇ [0ms] - #27 Require(22) node_modules/egg-security/app/extend/application.js
                                  ▇ [1ms] - #28 Require(23) node_modules/egg-jsonp/app/extend/application.js
                                   ▇ [1ms] - #29 Require(24) node_modules/egg-schedule/app/extend/application.js
                                   ▇ [1ms] - #30 Require(25) node_modules/egg-logrotator/app/extend/application.js
                                   ▇ [1ms] - #31 Require(26) node_modules/egg-view/app/extend/application.js
                                   ▇ [12ms] - #32 Require(27) node_modules/egg-view-nunjucks/app/extend/application.js
                                    ▇ [1ms] - #33 Load extend/request.js
                                    ▇ [1ms] - #34 Require(28) node_modules/egg/app/extend/request.js
                                    ▇ [2ms] - #35 Load extend/response.js
                                    ▇ [0ms] - #36 Require(29) node_modules/egg/app/extend/response.js
                                    ▇ [18ms] - #37 Load extend/context.js
                                    ▇ [7ms] - #38 Require(30) node_modules/egg-security/app/extend/context.js
                                     ▇ [0ms] - #39 Require(31) node_modules/egg-jsonp/app/extend/context.js
                                     ▇ [1ms] - #40 Require(32) node_modules/egg-i18n/app/extend/context.js
                                     ▇ [8ms] - #41 Require(33) node_modules/egg-multipart/app/extend/context.js
                                      ▇ [0ms] - #42 Require(34) node_modules/egg-view/app/extend/context.js
                                      ▇ [1ms] - #43 Require(35) node_modules/egg/app/extend/context.js
                                      ▇ [0ms] - #44 Require(36) app/extend/context.js
                                      ▇ [13ms] - #45 Load extend/helper.js
                                      ▇ [11ms] - #46 Require(37) node_modules/egg-security/app/extend/helper.js
                                       ▇ [1ms] - #47 Require(38) node_modules/egg/app/extend/helper.js
                                       ▇ [1ms] - #48 Require(39) app/extend/helper.js
                                       ▇ [16ms] - #49 Load app.js
                                       ▇ [1ms] - #50 Require(40) node_modules/egg-session/app.js
                                       ▇ [0ms] - #51 Require(41) node_modules/egg-security/app.js
                                       ▇ [4ms] - #52 Require(42) node_modules/egg-onerror/app.js
                                        ▇ [6ms] - #53 Require(43) node_modules/egg-i18n/app.js
                                        ▇ [3ms] - #54 Require(44) node_modules/egg-watcher/app.js
                                         ▇ [0ms] - #55 Require(45) node_modules/egg-schedule/app.js
                                         ▇ [1ms] - #56 Require(46) node_modules/egg-multipart/app.js
                                         ▇ [0ms] - #57 Require(47) node_modules/egg-development/app.js
                                         ▇ [0ms] - #58 Require(48) node_modules/egg-logrotator/app.js
                                         ▇ [1ms] - #59 Require(49) node_modules/egg-static/app.js
                                         ▇ [0ms] - #60 Require(50) node_modules/egg-view-nunjucks/app.js
                                         ▇▇▇▇▇▇▇ [83ms] - #61 Before Start in node_modules/egg-watcher/lib/init.js:15:14
                                           ▇ [3ms] - #62 Load Service
                                           ▇ [3ms] - #63 Load "service" to Context
                                           ▇▇▇ [42ms] - #64 Load Middleware
                                           ▇▇▇ [37ms] - #65 Load "middlewares" to Application
                                               ▇ [2ms] - #66 Load Controller
                                               ▇ [2ms] - #67 Load "controller" to Application
                                               ▇ [2ms] - #68 Load Router
                                               ▇ [0ms] - #69 Require(51) app/router.js
                                               ▇ [6ms] - #70 Before Start in node_modules/egg-core/lib/egg.js:306:10
2025-01-12 11:32:53,927 INFO 88528 [egg:core] dump config after ready, 4ms
2025-01-12 11:33:33,803 INFO 88528 [-/127.0.0.1/-/1337ms GET /news] [egg-view-nunjucks] loading templates from ["/Users/hongjiapeng/Desktop/hjp/learnNodeJs/egg-learning/app/view"]
2025-01-12 11:34:02,601 INFO 88600 [egg:logger] init all loggers with options: {"dir":"/Users/hongjiapeng/Desktop/hjp/learnNodeJs/egg-learning/logs/egg-learning","encoding":"utf8","env":"local","level":"INFO","consoleLevel":"INFO","disableConsoleAfterReady":false,"outputJSON":false,"buffer":true,"appLogName":"egg-learning-web.log","coreLogName":"egg-web.log","agentLogName":"egg-agent.log","errorLogName":"common-error.log","coreLogger":{"consoleLevel":"WARN"},"allowDebugAtProd":false,"enablePerformanceTimer":false,"enableFastContextLogger":false,"type":"application","localStorage":{"enabled":false}}
2025-01-12 11:34:02,601 INFO 88600 [egg-multipart] stream mode enable
2025-01-12 11:34:02,662 INFO 88600 [egg-static] starting static serve /public/ -> /Users/hongjiapeng/Desktop/hjp/learnNodeJs/egg-learning/app/public
2025-01-12 11:34:02,663 INFO 88600 [egg-security] use csrf middleware
2025-01-12 11:34:02,663 INFO 88600 [egg-security] use methodnoallow middleware
2025-01-12 11:34:02,663 INFO 88600 [egg-security] use noopen middleware
2025-01-12 11:34:02,664 INFO 88600 [egg-security] use nosniff middleware
2025-01-12 11:34:02,664 INFO 88600 [egg-security] use xssProtection middleware
2025-01-12 11:34:02,664 INFO 88600 [egg-security] use xframe middleware
2025-01-12 11:34:02,665 INFO 88600 [egg-security] use dta middleware
2025-01-12 11:34:02,665 INFO 88600 [egg-security] compose 7 middlewares into one security middleware
2025-01-12 11:34:02,671 INFO 88600 [egg:core] dump config after load, 4ms
2025-01-12 11:34:02,682 INFO 88600 [egg-watcher:application] watcher start success
2025-01-12 11:34:02,687 INFO 88600 egg start timeline:
▇▇▇▇▇▇▇▇▇▇▇▇▇▇▇▇▇▇▇▇▇▇▇▇▇▇▇ [215ms] - #0 Process Start
                            ▇▇▇▇▇▇▇▇▇▇▇▇▇▇▇▇▇▇▇▇▇ [164ms] - #1 Application Start
                            ▇ [5ms] - #2 Load Plugin
                             ▇ [8ms] - #3 Load Config
                             ▇ [1ms] - #4 Require(0) config/config.default.js
                             ▇ [0ms] - #5 Require(1) node_modules/egg-session/config/config.default.js
                             ▇ [0ms] - #6 Require(2) node_modules/egg-security/config/config.default.js
                             ▇ [0ms] - #7 Require(3) node_modules/egg-jsonp/config/config.default.js
                             ▇ [1ms] - #8 Require(4) node_modules/egg-onerror/config/config.default.js
                              ▇ [0ms] - #9 Require(5) node_modules/egg-i18n/config/config.default.js
                              ▇ [0ms] - #10 Require(6) node_modules/egg-watcher/config/config.default.js
                              ▇ [0ms] - #11 Require(7) node_modules/egg-schedule/config/config.default.js
                              ▇ [1ms] - #12 Require(8) node_modules/egg-multipart/config/config.default.js
                              ▇ [0ms] - #13 Require(9) node_modules/egg-development/config/config.default.js
                              ▇ [0ms] - #14 Require(10) node_modules/egg-logrotator/config/config.default.js
                              ▇ [0ms] - #15 Require(11) node_modules/egg-static/config/config.default.js
                              ▇ [1ms] - #16 Require(12) node_modules/egg-view/config/config.default.js
                              ▇ [0ms] - #17 Require(13) node_modules/egg-view-nunjucks/config/config.default.js
                              ▇ [0ms] - #18 Require(14) node_modules/egg/config/config.default.js
                              ▇ [0ms] - #19 Require(15) config/config.default.js
                              ▇ [0ms] - #20 Require(16) node_modules/egg-security/config/config.local.js
                              ▇ [0ms] - #21 Require(17) node_modules/egg-watcher/config/config.local.js
                              ▇ [0ms] - #22 Require(18) node_modules/egg-view/config/config.local.js
                              ▇ [0ms] - #23 Require(19) node_modules/egg-view-nunjucks/config/config.local.js
                              ▇ [0ms] - #24 Require(20) node_modules/egg/config/config.local.js
                              ▇▇ [19ms] - #25 Load extend/application.js
                              ▇ [0ms] - #26 Require(21) node_modules/egg-session/app/extend/application.js
                              ▇ [0ms] - #27 Require(22) node_modules/egg-security/app/extend/application.js
                              ▇ [2ms] - #28 Require(23) node_modules/egg-jsonp/app/extend/application.js
                               ▇ [1ms] - #29 Require(24) node_modules/egg-schedule/app/extend/application.js
                               ▇ [1ms] - #30 Require(25) node_modules/egg-logrotator/app/extend/application.js
                               ▇ [0ms] - #31 Require(26) node_modules/egg-view/app/extend/application.js
                               ▇ [13ms] - #32 Require(27) node_modules/egg-view-nunjucks/app/extend/application.js
                                 ▇ [1ms] - #33 Load extend/request.js
                                 ▇ [1ms] - #34 Require(28) node_modules/egg/app/extend/request.js
                                 ▇ [3ms] - #35 Load extend/response.js
                                 ▇ [1ms] - #36 Require(29) node_modules/egg/app/extend/response.js
                                 ▇ [8ms] - #37 Load extend/context.js
                                 ▇ [3ms] - #38 Require(30) node_modules/egg-security/app/extend/context.js
                                  ▇ [0ms] - #39 Require(31) node_modules/egg-jsonp/app/extend/context.js
                                  ▇ [0ms] - #40 Require(32) node_modules/egg-i18n/app/extend/context.js
                                  ▇ [4ms] - #41 Require(33) node_modules/egg-multipart/app/extend/context.js
                                  ▇ [0ms] - #42 Require(34) node_modules/egg-view/app/extend/context.js
                                  ▇ [1ms] - #43 Require(35) node_modules/egg/app/extend/context.js
                                  ▇ [0ms] - #44 Require(36) app/extend/context.js
                                  ▇ [15ms] - #45 Load extend/helper.js
                                  ▇ [12ms] - #46 Require(37) node_modules/egg-security/app/extend/helper.js
                                    ▇ [0ms] - #47 Require(38) node_modules/egg/app/extend/helper.js
                                    ▇ [1ms] - #48 Require(39) app/extend/helper.js
                                    ▇ [15ms] - #49 Load app.js
                                    ▇ [0ms] - #50 Require(40) node_modules/egg-session/app.js
                                    ▇ [0ms] - #51 Require(41) node_modules/egg-security/app.js
                                    ▇ [4ms] - #52 Require(42) node_modules/egg-onerror/app.js
                                     ▇ [5ms] - #53 Require(43) node_modules/egg-i18n/app.js
                                      ▇ [1ms] - #54 Require(44) node_modules/egg-watcher/app.js
                                      ▇ [1ms] - #55 Require(45) node_modules/egg-schedule/app.js
                                      ▇ [0ms] - #56 Require(46) node_modules/egg-multipart/app.js
                                      ▇ [1ms] - #57 Require(47) node_modules/egg-development/app.js
                                      ▇ [0ms] - #58 Require(48) node_modules/egg-logrotator/app.js
                                      ▇ [0ms] - #59 Require(49) node_modules/egg-static/app.js
                                      ▇ [0ms] - #60 Require(50) node_modules/egg-view-nunjucks/app.js
                                       ▇▇▇▇▇▇▇▇▇▇ [79ms] - #61 Before Start in node_modules/egg-watcher/lib/init.js:15:14
                                         ▇ [3ms] - #62 Load Service
                                         ▇ [3ms] - #63 Load "service" to Context
                                         ▇▇▇▇▇ [40ms] - #64 Load Middleware
                                         ▇▇▇▇ [36ms] - #65 Load "middlewares" to Application
                                               ▇ [1ms] - #66 Load Controller
                                               ▇ [1ms] - #67 Load "controller" to Application
                                               ▇ [1ms] - #68 Load Router
                                               ▇ [0ms] - #69 Require(51) app/router.js
                                               ▇ [6ms] - #70 Before Start in node_modules/egg-core/lib/egg.js:306:10
2025-01-12 11:34:02,688 INFO 88600 [egg:core] dump config after ready, 4ms
2025-01-12 11:34:21,074 INFO 88600 [-/127.0.0.1/-/1253ms GET /news] [egg-view-nunjucks] loading templates from ["/Users/hongjiapeng/Desktop/hjp/learnNodeJs/egg-learning/app/view"]
2025-01-12 11:35:26,592 INFO 88654 [egg:logger] init all loggers with options: {"dir":"/Users/hongjiapeng/Desktop/hjp/learnNodeJs/egg-learning/logs/egg-learning","encoding":"utf8","env":"local","level":"INFO","consoleLevel":"INFO","disableConsoleAfterReady":false,"outputJSON":false,"buffer":true,"appLogName":"egg-learning-web.log","coreLogName":"egg-web.log","agentLogName":"egg-agent.log","errorLogName":"common-error.log","coreLogger":{"consoleLevel":"WARN"},"allowDebugAtProd":false,"enablePerformanceTimer":false,"enableFastContextLogger":false,"type":"application","localStorage":{"enabled":false}}
2025-01-12 11:35:26,592 INFO 88654 [egg-multipart] stream mode enable
2025-01-12 11:35:26,661 INFO 88654 [egg-static] starting static serve /public/ -> /Users/hongjiapeng/Desktop/hjp/learnNodeJs/egg-learning/app/public
2025-01-12 11:35:26,663 INFO 88654 [egg-security] use csrf middleware
2025-01-12 11:35:26,663 INFO 88654 [egg-security] use methodnoallow middleware
2025-01-12 11:35:26,663 INFO 88654 [egg-security] use noopen middleware
2025-01-12 11:35:26,664 INFO 88654 [egg-security] use nosniff middleware
2025-01-12 11:35:26,664 INFO 88654 [egg-security] use xssProtection middleware
2025-01-12 11:35:26,664 INFO 88654 [egg-security] use xframe middleware
2025-01-12 11:35:26,664 INFO 88654 [egg-security] use dta middleware
2025-01-12 11:35:26,665 INFO 88654 [egg-security] compose 7 middlewares into one security middleware
2025-01-12 11:35:26,671 INFO 88654 [egg:core] dump config after load, 4ms
2025-01-12 11:35:26,683 INFO 88654 [egg-watcher:application] watcher start success
2025-01-12 11:35:26,691 INFO 88654 egg start timeline:
▇▇▇▇▇▇▇▇▇▇▇▇▇▇▇▇▇▇▇▇▇▇▇▇▇▇▇▇▇▇▇ [344ms] - #0 Process Start
                               ▇▇▇▇▇▇▇▇▇▇▇▇▇▇▇▇▇▇ [198ms] - #1 Application Start
                                ▇ [7ms] - #2 Load Plugin
                                ▇ [13ms] - #3 Load Config
                                ▇ [0ms] - #4 Require(0) config/config.default.js
                                ▇ [0ms] - #5 Require(1) node_modules/egg-session/config/config.default.js
                                ▇ [1ms] - #6 Require(2) node_modules/egg-security/config/config.default.js
                                 ▇ [0ms] - #7 Require(3) node_modules/egg-jsonp/config/config.default.js
                                 ▇ [1ms] - #8 Require(4) node_modules/egg-onerror/config/config.default.js
                                 ▇ [0ms] - #9 Require(5) node_modules/egg-i18n/config/config.default.js
                                 ▇ [1ms] - #10 Require(6) node_modules/egg-watcher/config/config.default.js
                                 ▇ [0ms] - #11 Require(7) node_modules/egg-schedule/config/config.default.js
                                 ▇ [0ms] - #12 Require(8) node_modules/egg-multipart/config/config.default.js
                                 ▇ [0ms] - #13 Require(9) node_modules/egg-development/config/config.default.js
                                 ▇ [0ms] - #14 Require(10) node_modules/egg-logrotator/config/config.default.js
                                 ▇ [0ms] - #15 Require(11) node_modules/egg-static/config/config.default.js
                                 ▇ [0ms] - #16 Require(12) node_modules/egg-view/config/config.default.js
                                 ▇ [0ms] - #17 Require(13) node_modules/egg-view-nunjucks/config/config.default.js
                                 ▇ [0ms] - #18 Require(14) node_modules/egg/config/config.default.js
                                 ▇ [0ms] - #19 Require(15) config/config.default.js
                                 ▇ [0ms] - #20 Require(16) node_modules/egg-security/config/config.local.js
                                 ▇ [1ms] - #21 Require(17) node_modules/egg-watcher/config/config.local.js
                                 ▇ [0ms] - #22 Require(18) node_modules/egg-view/config/config.local.js
                                 ▇ [0ms] - #23 Require(19) node_modules/egg-view-nunjucks/config/config.local.js
                                 ▇ [0ms] - #24 Require(20) node_modules/egg/config/config.local.js
                                 ▇ [19ms] - #25 Load extend/application.js
                                 ▇ [0ms] - #26 Require(21) node_modules/egg-session/app/extend/application.js
                                 ▇ [0ms] - #27 Require(22) node_modules/egg-security/app/extend/application.js
                                 ▇ [2ms] - #28 Require(23) node_modules/egg-jsonp/app/extend/application.js
                                  ▇ [1ms] - #29 Require(24) node_modules/egg-schedule/app/extend/application.js
                                  ▇ [1ms] - #30 Require(25) node_modules/egg-logrotator/app/extend/application.js
                                  ▇ [1ms] - #31 Require(26) node_modules/egg-view/app/extend/application.js
                                  ▇ [13ms] - #32 Require(27) node_modules/egg-view-nunjucks/app/extend/application.js
                                   ▇ [2ms] - #33 Load extend/request.js
                                   ▇ [0ms] - #34 Require(28) node_modules/egg/app/extend/request.js
                                   ▇ [2ms] - #35 Load extend/response.js
                                   ▇ [2ms] - #36 Require(29) node_modules/egg/app/extend/response.js
                                   ▇ [17ms] - #37 Load extend/context.js
                                   ▇ [6ms] - #38 Require(30) node_modules/egg-security/app/extend/context.js
                                    ▇ [1ms] - #39 Require(31) node_modules/egg-jsonp/app/extend/context.js
                                    ▇ [0ms] - #40 Require(32) node_modules/egg-i18n/app/extend/context.js
                                    ▇ [8ms] - #41 Require(33) node_modules/egg-multipart/app/extend/context.js
                                     ▇ [1ms] - #42 Require(34) node_modules/egg-view/app/extend/context.js
                                     ▇ [1ms] - #43 Require(35) node_modules/egg/app/extend/context.js
                                     ▇ [0ms] - #44 Require(36) app/extend/context.js
                                     ▇ [19ms] - #45 Load extend/helper.js
                                     ▇ [16ms] - #46 Require(37) node_modules/egg-security/app/extend/helper.js
                                      ▇ [1ms] - #47 Require(38) node_modules/egg/app/extend/helper.js
                                       ▇ [1ms] - #48 Require(39) app/extend/helper.js
                                       ▇ [17ms] - #49 Load app.js
                                       ▇ [1ms] - #50 Require(40) node_modules/egg-session/app.js
                                       ▇ [1ms] - #51 Require(41) node_modules/egg-security/app.js
                                       ▇ [4ms] - #52 Require(42) node_modules/egg-onerror/app.js
                                       ▇ [5ms] - #53 Require(43) node_modules/egg-i18n/app.js
                                        ▇ [2ms] - #54 Require(44) node_modules/egg-watcher/app.js
                                        ▇ [0ms] - #55 Require(45) node_modules/egg-schedule/app.js
                                        ▇ [0ms] - #56 Require(46) node_modules/egg-multipart/app.js
                                        ▇ [0ms] - #57 Require(47) node_modules/egg-development/app.js
                                        ▇ [0ms] - #58 Require(48) node_modules/egg-logrotator/app.js
                                        ▇ [0ms] - #59 Require(49) node_modules/egg-static/app.js
                                        ▇ [1ms] - #60 Require(50) node_modules/egg-view-nunjucks/app.js
                                         ▇▇▇▇▇▇▇▇ [89ms] - #61 Before Start in node_modules/egg-watcher/lib/init.js:15:14
                                           ▇ [3ms] - #62 Load Service
                                           ▇ [3ms] - #63 Load "service" to Context
                                           ▇▇▇▇ [44ms] - #64 Load Middleware
                                           ▇▇▇ [40ms] - #65 Load "middlewares" to Application
                                               ▇ [0ms] - #66 Load Controller
                                               ▇ [0ms] - #67 Load "controller" to Application
                                               ▇ [2ms] - #68 Load Router
                                               ▇ [0ms] - #69 Require(51) app/router.js
                                               ▇ [6ms] - #70 Before Start in node_modules/egg-core/lib/egg.js:306:10
2025-01-12 11:35:26,691 INFO 88654 [egg:core] dump config after ready, 5ms
2025-01-12 11:35:32,138 INFO 88654 [-/127.0.0.1/-/1291ms GET /news] [egg-view-nunjucks] loading templates from ["/Users/hongjiapeng/Desktop/hjp/learnNodeJs/egg-learning/app/view"]
2025-01-12 11:36:02,040 INFO 88671 [egg:logger] init all loggers with options: {"dir":"/Users/hongjiapeng/Desktop/hjp/learnNodeJs/egg-learning/logs/egg-learning","encoding":"utf8","env":"local","level":"INFO","consoleLevel":"INFO","disableConsoleAfterReady":false,"outputJSON":false,"buffer":true,"appLogName":"egg-learning-web.log","coreLogName":"egg-web.log","agentLogName":"egg-agent.log","errorLogName":"common-error.log","coreLogger":{"consoleLevel":"WARN"},"allowDebugAtProd":false,"enablePerformanceTimer":false,"enableFastContextLogger":false,"type":"application","localStorage":{"enabled":false}}
2025-01-12 11:36:02,040 INFO 88671 [egg-multipart] stream mode enable
2025-01-12 11:36:02,102 INFO 88671 [egg-static] starting static serve /public/ -> /Users/hongjiapeng/Desktop/hjp/learnNodeJs/egg-learning/app/public
2025-01-12 11:36:02,103 INFO 88671 [egg-security] use csrf middleware
2025-01-12 11:36:02,103 INFO 88671 [egg-security] use methodnoallow middleware
2025-01-12 11:36:02,103 INFO 88671 [egg-security] use noopen middleware
2025-01-12 11:36:02,104 INFO 88671 [egg-security] use nosniff middleware
2025-01-12 11:36:02,104 INFO 88671 [egg-security] use xssProtection middleware
2025-01-12 11:36:02,105 INFO 88671 [egg-security] use xframe middleware
2025-01-12 11:36:02,105 INFO 88671 [egg-security] use dta middleware
2025-01-12 11:36:02,105 INFO 88671 [egg-security] compose 7 middlewares into one security middleware
2025-01-12 11:36:02,112 INFO 88671 [egg:core] dump config after load, 5ms
2025-01-12 11:36:02,125 INFO 88671 [egg-watcher:application] watcher start success
2025-01-12 11:36:02,132 INFO 88671 egg start timeline:
▇▇▇▇▇▇▇▇▇▇▇▇▇▇▇▇▇▇▇▇▇▇▇▇▇▇▇▇▇▇▇▇ [345ms] - #0 Process Start
                                ▇▇▇▇▇▇▇▇▇▇▇▇▇▇▇▇▇ [184ms] - #1 Application Start
                                ▇ [7ms] - #2 Load Plugin
                                 ▇ [12ms] - #3 Load Config
                                 ▇ [1ms] - #4 Require(0) config/config.default.js
                                 ▇ [0ms] - #5 Require(1) node_modules/egg-session/config/config.default.js
                                 ▇ [0ms] - #6 Require(2) node_modules/egg-security/config/config.default.js
                                 ▇ [1ms] - #7 Require(3) node_modules/egg-jsonp/config/config.default.js
                                 ▇ [0ms] - #8 Require(4) node_modules/egg-onerror/config/config.default.js
                                 ▇ [1ms] - #9 Require(5) node_modules/egg-i18n/config/config.default.js
                                  ▇ [1ms] - #10 Require(6) node_modules/egg-watcher/config/config.default.js
                                  ▇ [0ms] - #11 Require(7) node_modules/egg-schedule/config/config.default.js
                                  ▇ [0ms] - #12 Require(8) node_modules/egg-multipart/config/config.default.js
                                  ▇ [0ms] - #13 Require(9) node_modules/egg-development/config/config.default.js
                                  ▇ [0ms] - #14 Require(10) node_modules/egg-logrotator/config/config.default.js
                                  ▇ [0ms] - #15 Require(11) node_modules/egg-static/config/config.default.js
                                  ▇ [0ms] - #16 Require(12) node_modules/egg-view/config/config.default.js
                                  ▇ [0ms] - #17 Require(13) node_modules/egg-view-nunjucks/config/config.default.js
                                  ▇ [0ms] - #18 Require(14) node_modules/egg/config/config.default.js
                                  ▇ [0ms] - #19 Require(15) config/config.default.js
                                  ▇ [0ms] - #20 Require(16) node_modules/egg-security/config/config.local.js
                                  ▇ [0ms] - #21 Require(17) node_modules/egg-watcher/config/config.local.js
                                  ▇ [1ms] - #22 Require(18) node_modules/egg-view/config/config.local.js
                                  ▇ [0ms] - #23 Require(19) node_modules/egg-view-nunjucks/config/config.local.js
                                  ▇ [0ms] - #24 Require(20) node_modules/egg/config/config.local.js
                                  ▇ [18ms] - #25 Load extend/application.js
                                  ▇ [0ms] - #26 Require(21) node_modules/egg-session/app/extend/application.js
                                  ▇ [1ms] - #27 Require(22) node_modules/egg-security/app/extend/application.js
                                  ▇ [1ms] - #28 Require(23) node_modules/egg-jsonp/app/extend/application.js
                                  ▇ [2ms] - #29 Require(24) node_modules/egg-schedule/app/extend/application.js
                                   ▇ [0ms] - #30 Require(25) node_modules/egg-logrotator/app/extend/application.js
                                   ▇ [0ms] - #31 Require(26) node_modules/egg-view/app/extend/application.js
                                   ▇ [13ms] - #32 Require(27) node_modules/egg-view-nunjucks/app/extend/application.js
                                    ▇ [1ms] - #33 Load extend/request.js
                                    ▇ [0ms] - #34 Require(28) node_modules/egg/app/extend/request.js
                                    ▇ [2ms] - #35 Load extend/response.js
                                    ▇ [1ms] - #36 Require(29) node_modules/egg/app/extend/response.js
                                    ▇ [17ms] - #37 Load extend/context.js
                                    ▇ [6ms] - #38 Require(30) node_modules/egg-security/app/extend/context.js
                                     ▇ [1ms] - #39 Require(31) node_modules/egg-jsonp/app/extend/context.js
                                     ▇ [0ms] - #40 Require(32) node_modules/egg-i18n/app/extend/context.js
                                     ▇ [8ms] - #41 Require(33) node_modules/egg-multipart/app/extend/context.js
                                      ▇ [1ms] - #42 Require(34) node_modules/egg-view/app/extend/context.js
                                      ▇ [0ms] - #43 Require(35) node_modules/egg/app/extend/context.js
                                      ▇ [1ms] - #44 Require(36) app/extend/context.js
                                      ▇ [14ms] - #45 Load extend/helper.js
                                      ▇ [11ms] - #46 Require(37) node_modules/egg-security/app/extend/helper.js
                                       ▇ [1ms] - #47 Require(38) node_modules/egg/app/extend/helper.js
                                       ▇ [1ms] - #48 Require(39) app/extend/helper.js
                                       ▇ [16ms] - #49 Load app.js
                                       ▇ [0ms] - #50 Require(40) node_modules/egg-session/app.js
                                       ▇ [1ms] - #51 Require(41) node_modules/egg-security/app.js
                                       ▇ [3ms] - #52 Require(42) node_modules/egg-onerror/app.js
                                        ▇ [5ms] - #53 Require(43) node_modules/egg-i18n/app.js
                                        ▇ [2ms] - #54 Require(44) node_modules/egg-watcher/app.js
                                        ▇ [1ms] - #55 Require(45) node_modules/egg-schedule/app.js
                                         ▇ [0ms] - #56 Require(46) node_modules/egg-multipart/app.js
                                         ▇ [1ms] - #57 Require(47) node_modules/egg-development/app.js
                                         ▇ [0ms] - #58 Require(48) node_modules/egg-logrotator/app.js
                                         ▇ [0ms] - #59 Require(49) node_modules/egg-static/app.js
                                         ▇ [0ms] - #60 Require(50) node_modules/egg-view-nunjucks/app.js
                                         ▇▇▇▇▇▇▇ [82ms] - #61 Before Start in node_modules/egg-watcher/lib/init.js:15:14
                                           ▇ [3ms] - #62 Load Service
                                           ▇ [3ms] - #63 Load "service" to Context
                                           ▇▇▇ [40ms] - #64 Load Middleware
                                           ▇▇▇ [36ms] - #65 Load "middlewares" to Application
                                               ▇ [1ms] - #66 Load Controller
                                               ▇ [1ms] - #67 Load "controller" to Application
                                               ▇ [1ms] - #68 Load Router
                                               ▇ [0ms] - #69 Require(51) app/router.js
                                               ▇ [7ms] - #70 Before Start in node_modules/egg-core/lib/egg.js:306:10
2025-01-12 11:36:02,132 INFO 88671 [egg:core] dump config after ready, 5ms
2025-01-12 11:36:05,864 INFO 88671 [-/127.0.0.1/-/1241ms GET /news] [egg-view-nunjucks] loading templates from ["/Users/hongjiapeng/Desktop/hjp/learnNodeJs/egg-learning/app/view"]
2025-01-12 11:36:50,886 INFO 88731 [egg:logger] init all loggers with options: {"dir":"/Users/hongjiapeng/Desktop/hjp/learnNodeJs/egg-learning/logs/egg-learning","encoding":"utf8","env":"local","level":"INFO","consoleLevel":"INFO","disableConsoleAfterReady":false,"outputJSON":false,"buffer":true,"appLogName":"egg-learning-web.log","coreLogName":"egg-web.log","agentLogName":"egg-agent.log","errorLogName":"common-error.log","coreLogger":{"consoleLevel":"WARN"},"allowDebugAtProd":false,"enablePerformanceTimer":false,"enableFastContextLogger":false,"type":"application","localStorage":{"enabled":false}}
2025-01-12 11:36:50,886 INFO 88731 [egg-multipart] stream mode enable
2025-01-12 11:36:50,941 INFO 88731 [egg-static] starting static serve /public/ -> /Users/hongjiapeng/Desktop/hjp/learnNodeJs/egg-learning/app/public
2025-01-12 11:36:50,942 INFO 88731 [egg-security] use csrf middleware
2025-01-12 11:36:50,942 INFO 88731 [egg-security] use methodnoallow middleware
2025-01-12 11:36:50,943 INFO 88731 [egg-security] use noopen middleware
2025-01-12 11:36:50,943 INFO 88731 [egg-security] use nosniff middleware
2025-01-12 11:36:50,944 INFO 88731 [egg-security] use xssProtection middleware
2025-01-12 11:36:50,944 INFO 88731 [egg-security] use xframe middleware
2025-01-12 11:36:50,944 INFO 88731 [egg-security] use dta middleware
2025-01-12 11:36:50,944 INFO 88731 [egg-security] compose 7 middlewares into one security middleware
2025-01-12 11:36:50,950 INFO 88731 [egg:core] dump config after load, 4ms
2025-01-12 11:36:50,961 INFO 88731 [egg-watcher:application] watcher start success
2025-01-12 11:36:50,966 INFO 88731 egg start timeline:
▇▇▇▇▇▇▇▇▇▇▇▇▇▇▇▇▇▇▇▇▇▇▇▇▇▇▇ [200ms] - #0 Process Start
                           ▇▇▇▇▇▇▇▇▇▇▇▇▇▇▇▇▇▇▇▇▇ [157ms] - #1 Application Start
                            ▇ [4ms] - #2 Load Plugin
                             ▇ [7ms] - #3 Load Config
                             ▇ [0ms] - #4 Require(0) config/config.default.js
                             ▇ [0ms] - #5 Require(1) node_modules/egg-session/config/config.default.js
                             ▇ [0ms] - #6 Require(2) node_modules/egg-security/config/config.default.js
                             ▇ [0ms] - #7 Require(3) node_modules/egg-jsonp/config/config.default.js
                             ▇ [1ms] - #8 Require(4) node_modules/egg-onerror/config/config.default.js
                             ▇ [0ms] - #9 Require(5) node_modules/egg-i18n/config/config.default.js
                             ▇ [0ms] - #10 Require(6) node_modules/egg-watcher/config/config.default.js
                             ▇ [0ms] - #11 Require(7) node_modules/egg-schedule/config/config.default.js
                             ▇ [1ms] - #12 Require(8) node_modules/egg-multipart/config/config.default.js
                             ▇ [0ms] - #13 Require(9) node_modules/egg-development/config/config.default.js
                             ▇ [0ms] - #14 Require(10) node_modules/egg-logrotator/config/config.default.js
                             ▇ [0ms] - #15 Require(11) node_modules/egg-static/config/config.default.js
                             ▇ [0ms] - #16 Require(12) node_modules/egg-view/config/config.default.js
                             ▇ [0ms] - #17 Require(13) node_modules/egg-view-nunjucks/config/config.default.js
                             ▇ [0ms] - #18 Require(14) node_modules/egg/config/config.default.js
                             ▇ [0ms] - #19 Require(15) config/config.default.js
                              ▇ [0ms] - #20 Require(16) node_modules/egg-security/config/config.local.js
                              ▇ [0ms] - #21 Require(17) node_modules/egg-watcher/config/config.local.js
                              ▇ [0ms] - #22 Require(18) node_modules/egg-view/config/config.local.js
                              ▇ [0ms] - #23 Require(19) node_modules/egg-view-nunjucks/config/config.local.js
                              ▇ [0ms] - #24 Require(20) node_modules/egg/config/config.local.js
                              ▇▇ [18ms] - #25 Load extend/application.js
                              ▇ [1ms] - #26 Require(21) node_modules/egg-session/app/extend/application.js
                              ▇ [1ms] - #27 Require(22) node_modules/egg-security/app/extend/application.js
                              ▇ [1ms] - #28 Require(23) node_modules/egg-jsonp/app/extend/application.js
                              ▇ [1ms] - #29 Require(24) node_modules/egg-schedule/app/extend/application.js
                              ▇ [0ms] - #30 Require(25) node_modules/egg-logrotator/app/extend/application.js
                              ▇ [1ms] - #31 Require(26) node_modules/egg-view/app/extend/application.js
                              ▇ [12ms] - #32 Require(27) node_modules/egg-view-nunjucks/app/extend/application.js
                                ▇ [1ms] - #33 Load extend/request.js
                                ▇ [1ms] - #34 Require(28) node_modules/egg/app/extend/request.js
                                ▇ [3ms] - #35 Load extend/response.js
                                 ▇ [1ms] - #36 Require(29) node_modules/egg/app/extend/response.js
                                 ▇ [8ms] - #37 Load extend/context.js
                                 ▇ [3ms] - #38 Require(30) node_modules/egg-security/app/extend/context.js
                                 ▇ [0ms] - #39 Require(31) node_modules/egg-jsonp/app/extend/context.js
                                 ▇ [0ms] - #40 Require(32) node_modules/egg-i18n/app/extend/context.js
                                 ▇ [3ms] - #41 Require(33) node_modules/egg-multipart/app/extend/context.js
                                  ▇ [0ms] - #42 Require(34) node_modules/egg-view/app/extend/context.js
                                  ▇ [0ms] - #43 Require(35) node_modules/egg/app/extend/context.js
                                  ▇ [0ms] - #44 Require(36) app/extend/context.js
                                  ▇ [12ms] - #45 Load extend/helper.js
                                  ▇ [10ms] - #46 Require(37) node_modules/egg-security/app/extend/helper.js
                                   ▇ [0ms] - #47 Require(38) node_modules/egg/app/extend/helper.js
                                   ▇ [1ms] - #48 Require(39) app/extend/helper.js
                                    ▇▇ [19ms] - #49 Load app.js
                                    ▇ [0ms] - #50 Require(40) node_modules/egg-session/app.js
                                    ▇ [1ms] - #51 Require(41) node_modules/egg-security/app.js
                                    ▇ [4ms] - #52 Require(42) node_modules/egg-onerror/app.js
                                    ▇ [6ms] - #53 Require(43) node_modules/egg-i18n/app.js
                                     ▇ [3ms] - #54 Require(44) node_modules/egg-watcher/app.js
                                      ▇ [0ms] - #55 Require(45) node_modules/egg-schedule/app.js
                                      ▇ [1ms] - #56 Require(46) node_modules/egg-multipart/app.js
                                      ▇ [0ms] - #57 Require(47) node_modules/egg-development/app.js
                                      ▇ [0ms] - #58 Require(48) node_modules/egg-logrotator/app.js
                                      ▇ [0ms] - #59 Require(49) node_modules/egg-static/app.js
                                      ▇ [1ms] - #60 Require(50) node_modules/egg-view-nunjucks/app.js
                                       ▇▇▇▇▇▇▇▇▇▇ [73ms] - #61 Before Start in node_modules/egg-watcher/lib/init.js:15:14
                                         ▇ [3ms] - #62 Load Service
                                         ▇ [3ms] - #63 Load "service" to Context
                                         ▇▇▇▇ [36ms] - #64 Load Middleware
                                         ▇▇▇▇ [32ms] - #65 Load "middlewares" to Application
                                              ▇ [1ms] - #66 Load Controller
                                              ▇ [1ms] - #67 Load "controller" to Application
                                               ▇ [1ms] - #68 Load Router
                                               ▇ [0ms] - #69 Require(51) app/router.js
                                               ▇ [6ms] - #70 Before Start in node_modules/egg-core/lib/egg.js:306:10
2025-01-12 11:36:50,966 INFO 88731 [egg:core] dump config after ready, 4ms
2025-01-12 11:37:14,271 INFO 88745 [egg:logger] init all loggers with options: {"dir":"/Users/hongjiapeng/Desktop/hjp/learnNodeJs/egg-learning/logs/egg-learning","encoding":"utf8","env":"local","level":"INFO","consoleLevel":"INFO","disableConsoleAfterReady":false,"outputJSON":false,"buffer":true,"appLogName":"egg-learning-web.log","coreLogName":"egg-web.log","agentLogName":"egg-agent.log","errorLogName":"common-error.log","coreLogger":{"consoleLevel":"WARN"},"allowDebugAtProd":false,"enablePerformanceTimer":false,"enableFastContextLogger":false,"type":"application","localStorage":{"enabled":false}}
2025-01-12 11:37:14,271 INFO 88745 [egg-multipart] stream mode enable
2025-01-12 11:37:14,327 INFO 88745 [egg-static] starting static serve /public/ -> /Users/hongjiapeng/Desktop/hjp/learnNodeJs/egg-learning/app/public
2025-01-12 11:37:14,328 INFO 88745 [egg-security] use csrf middleware
2025-01-12 11:37:14,329 INFO 88745 [egg-security] use methodnoallow middleware
2025-01-12 11:37:14,329 INFO 88745 [egg-security] use noopen middleware
2025-01-12 11:37:14,330 INFO 88745 [egg-security] use nosniff middleware
2025-01-12 11:37:14,330 INFO 88745 [egg-security] use xssProtection middleware
2025-01-12 11:37:14,330 INFO 88745 [egg-security] use xframe middleware
2025-01-12 11:37:14,331 INFO 88745 [egg-security] use dta middleware
2025-01-12 11:37:14,331 INFO 88745 [egg-security] compose 7 middlewares into one security middleware
2025-01-12 11:37:14,337 INFO 88745 [egg:core] dump config after load, 4ms
2025-01-12 11:37:14,348 INFO 88745 [egg-watcher:application] watcher start success
2025-01-12 11:37:14,354 INFO 88745 egg start timeline:
▇▇▇▇▇▇▇▇▇▇▇▇▇▇▇▇▇▇▇▇▇▇▇▇▇▇▇▇▇▇▇▇ [314ms] - #0 Process Start
                                ▇▇▇▇▇▇▇▇▇▇▇▇▇▇▇▇▇ [170ms] - #1 Application Start
                                ▇ [6ms] - #2 Load Plugin
                                 ▇ [11ms] - #3 Load Config
                                 ▇ [1ms] - #4 Require(0) config/config.default.js
                                 ▇ [1ms] - #5 Require(1) node_modules/egg-session/config/config.default.js
                                 ▇ [0ms] - #6 Require(2) node_modules/egg-security/config/config.default.js
                                 ▇ [0ms] - #7 Require(3) node_modules/egg-jsonp/config/config.default.js
                                 ▇ [1ms] - #8 Require(4) node_modules/egg-onerror/config/config.default.js
                                 ▇ [0ms] - #9 Require(5) node_modules/egg-i18n/config/config.default.js
                                  ▇ [0ms] - #10 Require(6) node_modules/egg-watcher/config/config.default.js
                                  ▇ [0ms] - #11 Require(7) node_modules/egg-schedule/config/config.default.js
                                  ▇ [0ms] - #12 Require(8) node_modules/egg-multipart/config/config.default.js
                                  ▇ [0ms] - #13 Require(9) node_modules/egg-development/config/config.default.js
                                  ▇ [0ms] - #14 Require(10) node_modules/egg-logrotator/config/config.default.js
                                  ▇ [0ms] - #15 Require(11) node_modules/egg-static/config/config.default.js
                                  ▇ [0ms] - #16 Require(12) node_modules/egg-view/config/config.default.js
                                  ▇ [0ms] - #17 Require(13) node_modules/egg-view-nunjucks/config/config.default.js
                                  ▇ [0ms] - #18 Require(14) node_modules/egg/config/config.default.js
                                  ▇ [0ms] - #19 Require(15) config/config.default.js
                                  ▇ [0ms] - #20 Require(16) node_modules/egg-security/config/config.local.js
                                  ▇ [0ms] - #21 Require(17) node_modules/egg-watcher/config/config.local.js
                                  ▇ [0ms] - #22 Require(18) node_modules/egg-view/config/config.local.js
                                  ▇ [0ms] - #23 Require(19) node_modules/egg-view-nunjucks/config/config.local.js
                                  ▇ [1ms] - #24 Require(20) node_modules/egg/config/config.local.js
                                  ▇ [18ms] - #25 Load extend/application.js
                                  ▇ [1ms] - #26 Require(21) node_modules/egg-session/app/extend/application.js
                                  ▇ [0ms] - #27 Require(22) node_modules/egg-security/app/extend/application.js
                                  ▇ [1ms] - #28 Require(23) node_modules/egg-jsonp/app/extend/application.js
                                  ▇ [2ms] - #29 Require(24) node_modules/egg-schedule/app/extend/application.js
                                   ▇ [1ms] - #30 Require(25) node_modules/egg-logrotator/app/extend/application.js
                                   ▇ [0ms] - #31 Require(26) node_modules/egg-view/app/extend/application.js
                                   ▇ [12ms] - #32 Require(27) node_modules/egg-view-nunjucks/app/extend/application.js
                                    ▇ [1ms] - #33 Load extend/request.js
                                    ▇ [1ms] - #34 Require(28) node_modules/egg/app/extend/request.js
                                    ▇ [2ms] - #35 Load extend/response.js
                                    ▇ [2ms] - #36 Require(29) node_modules/egg/app/extend/response.js
                                    ▇ [17ms] - #37 Load extend/context.js
                                    ▇ [6ms] - #38 Require(30) node_modules/egg-security/app/extend/context.js
                                     ▇ [0ms] - #39 Require(31) node_modules/egg-jsonp/app/extend/context.js
                                     ▇ [0ms] - #40 Require(32) node_modules/egg-i18n/app/extend/context.js
                                     ▇ [7ms] - #41 Require(33) node_modules/egg-multipart/app/extend/context.js
                                      ▇ [0ms] - #42 Require(34) node_modules/egg-view/app/extend/context.js
                                      ▇ [1ms] - #43 Require(35) node_modules/egg/app/extend/context.js
                                      ▇ [0ms] - #44 Require(36) app/extend/context.js
                                      ▇ [12ms] - #45 Load extend/helper.js
                                      ▇ [10ms] - #46 Require(37) node_modules/egg-security/app/extend/helper.js
                                       ▇ [1ms] - #47 Require(38) node_modules/egg/app/extend/helper.js
                                       ▇ [1ms] - #48 Require(39) app/extend/helper.js
                                       ▇ [15ms] - #49 Load app.js
                                       ▇ [1ms] - #50 Require(40) node_modules/egg-session/app.js
                                       ▇ [0ms] - #51 Require(41) node_modules/egg-security/app.js
                                       ▇ [4ms] - #52 Require(42) node_modules/egg-onerror/app.js
                                        ▇ [5ms] - #53 Require(43) node_modules/egg-i18n/app.js
                                        ▇ [3ms] - #54 Require(44) node_modules/egg-watcher/app.js
                                         ▇ [0ms] - #55 Require(45) node_modules/egg-schedule/app.js
                                         ▇ [1ms] - #56 Require(46) node_modules/egg-multipart/app.js
                                         ▇ [0ms] - #57 Require(47) node_modules/egg-development/app.js
                                         ▇ [0ms] - #58 Require(48) node_modules/egg-logrotator/app.js
                                         ▇ [1ms] - #59 Require(49) node_modules/egg-static/app.js
                                         ▇ [0ms] - #60 Require(50) node_modules/egg-view-nunjucks/app.js
                                         ▇▇▇▇▇▇▇ [74ms] - #61 Before Start in node_modules/egg-watcher/lib/init.js:15:14
                                           ▇ [2ms] - #62 Load Service
                                           ▇ [2ms] - #63 Load "service" to Context
                                           ▇▇▇ [36ms] - #64 Load Middleware
                                           ▇▇▇ [32ms] - #65 Load "middlewares" to Application
                                               ▇ [0ms] - #66 Load Controller
                                               ▇ [0ms] - #67 Load "controller" to Application
                                               ▇ [2ms] - #68 Load Router
                                               ▇ [0ms] - #69 Require(51) app/router.js
                                               ▇ [5ms] - #70 Before Start in node_modules/egg-core/lib/egg.js:306:10
2025-01-12 11:37:14,355 INFO 88745 [egg:core] dump config after ready, 5ms
2025-01-12 11:37:18,490 INFO 88745 [-/127.0.0.1/-/1215ms GET /news] [egg-view-nunjucks] loading templates from ["/Users/hongjiapeng/Desktop/hjp/learnNodeJs/egg-learning/app/view"]
2025-01-12 12:11:40,571 WARN 88745 [TCPBase] socket is closed by other side while there were still unhandled data in the socket buffer
2025-01-12 12:11:40,573 WARN 88745 [ClusterClient:Watcher] follower closed, and try to init it again
2025-01-12 12:16:24,681 WARN 88745 [TCPBase] socket is closed by other side while there were still unhandled data in the socket buffer
2025-01-12 12:16:24,681 WARN 88745 [ClusterClient:Watcher] follower closed, and try to init it again
2025-01-12 12:31:37,978 WARN 88745 [TCPBase] socket is closed by other side while there were still unhandled data in the socket buffer
2025-01-12 12:31:38,000 WARN 88745 [ClusterClient:Watcher] follower closed, and try to init it again
2025-01-12 13:58:52,767 WARN 88745 [ClusterClient:Watcher] follower closed, and try to init it again
2025-01-12 14:16:41,963 WARN 88745 [TCPBase] socket is closed by other side while there were still unhandled data in the socket buffer
2025-01-12 14:16:41,963 WARN 88745 [ClusterClient:Watcher] follower closed, and try to init it again
2025-01-12 14:34:01,078 WARN 88745 [ClusterClient:Watcher] follower closed, and try to init it again
2025-01-12 14:51:46,072 WARN 88745 [ClusterClient:Watcher] follower closed, and try to init it again
2025-01-12 15:00:30,106 WARN 88745 [TCPBase] socket is closed by other side while there were still unhandled data in the socket buffer
2025-01-12 15:00:30,109 WARN 88745 [ClusterClient:Watcher] follower closed, and try to init it again
